#
# A fatal error has been detected by the Java Runtime Environment:
#
#  EXCEPTION_UNCAUGHT_CXX_EXCEPTION (0xe06d7363) at pc=0x00007ff9935b4b89, pid=11780, tid=4504
#
# JRE version:  (14.0.2+12) (build )
# Java VM: OpenJDK 64-Bit Server VM (14.0.2+12-46, mixed mode, tiered, compressed oops, g1 gc, windows-amd64)
# Problematic frame:
# C  [KERNELBASE.dll+0x34b89]
#
# No core dump will be written. Minidumps are not enabled by default on client versions of Windows
#
#

---------------  S U M M A R Y ------------

Command Line: -ea -Dfile.encoding=Cp1252 -XX:+ShowCodeDetailsInExceptionMessages org.testng.remote.RemoteTestNG -serport 50407 -protocol json -d E:\jj\test-output C:\Users\Rahul\AppData\Local\Temp\testng-eclipse--1438660405\testng-customsuite.xml

Host: AMD Ryzen 3 3250U with Radeon Graphics         , 4 cores, 3G,  Windows 10 , 64 bit Build 19041 (10.0.19041.928)
Time: Thu Jul  8 08:08:40 2021 Pacific Daylight Time elapsed time: 0 seconds (0d 0h 0m 0s)

---------------  T H R E A D  ---------------

Current thread (0x0000015adc55a800):  JavaThread "main" [_thread_in_vm, id=4504, stack(0x0000003dac200000,0x0000003dac300000)]

Stack: [0x0000003dac200000,0x0000003dac300000],  sp=0x0000003dac2fda30,  free space=1014k
Native frames: (J=compiled Java code, j=interpreted, Vv=VM code, C=native code)
C  [KERNELBASE.dll+0x34b89]
C  [VCRUNTIME140.dll+0x485d]
C  [jimage.dll+0x36e3]
C  [jimage.dll+0x2a45]
C  [jimage.dll+0x146b]
C  [jimage.dll+0x1ec7]
C  [jimage.dll+0x1f5e]
C  [jimage.dll+0x2696]
V  [jvm.dll+0x1c390b]
V  [jvm.dll+0x1c25b0]
V  [jvm.dll+0x6cbe9a]
V  [jvm.dll+0x6cd469]
V  [jvm.dll+0x6cd97d]
V  [jvm.dll+0x6cd7c3]
V  [jvm.dll+0x206e08]
V  [jvm.dll+0x207062]
V  [jvm.dll+0x4ed7e8]
V  [jvm.dll+0x4f016d]
V  [jvm.dll+0x33ac33]
V  [jvm.dll+0x33a1ff]
C  0x0000015ae19fde2e

Java frames: (J=compiled Java code, j=interpreted, Vv=VM code)
j  java.lang.StringLatin1.newString([BII)Ljava/lang/String;+9 java.base
j  java.lang.StringBuilder.toString()Ljava/lang/String;+16 java.base
j  sun.nio.cs.StandardCharsets.toLower(Ljava/lang/String;)Ljava/lang/String;+121 java.base
j  sun.nio.cs.StandardCharsets.lookup(Ljava/lang/String;)Ljava/nio/charset/Charset;+44 java.base
j  sun.nio.cs.StandardCharsets.charsetForName(Ljava/lang/String;)Ljava/nio/charset/Charset;+6 java.base
j  java.nio.charset.Charset.lookup2(Ljava/lang/String;)Ljava/nio/charset/Charset;+39 java.base
j  java.nio.charset.Charset.lookup(Ljava/lang/String;)Ljava/nio/charset/Charset;+40 java.base
j  java.nio.charset.Charset.defaultCharset()Ljava/nio/charset/Charset;+18 java.base
j  java.io.OutputStreamWriter.<init>(Ljava/io/OutputStream;)V+8 java.base
j  java.io.PrintStream.<init>(ZLjava/io/OutputStream;)V+26 java.base
j  java.io.PrintStream.<init>(Ljava/io/OutputStream;Z)V+11 java.base
j  java.lang.System.newPrintStream(Ljava/io/FileOutputStream;Ljava/lang/String;)Ljava/io/PrintStream;+42 java.base
j  java.lang.System.initPhase1()V+89 java.base
v  ~StubRoutines::call_stub

siginfo: EXCEPTION_UNCAUGHT_CXX_EXCEPTION (0xe06d7363), ExceptionInformation=0x0000000019930520 0x0000003dac2fdba0 0x00007ff98ff450a8 0x00007ff98ff40000 


Register to memory mapping:

RIP=0x00007ff9935b4b89 KERNELBASE.dll
RAX=0x0 is NULL
RBX=0x00007ff98ff450a8 jimage.dll
RCX=0x0000000100025990 is a pointer to class: 
java.lang.ThreadLocal {0x0000000100025998}
RDX=0x0000015adc55a800 is a thread
RSP=0x0000003dac2fda30 is pointing into the stack for thread: 0x0000015adc55a800
RBP=0x0000003dac2fdb70 is pointing into the stack for thread: 0x0000015adc55a800
RSI=0x0000015adef2938a points into unknown readable memory: fa fa fe ca 5f 4e
RDI=0x0000003dac2fdba0 is pointing into the stack for thread: 0x0000015adc55a800
R8 =0x0000015adc55a800 is a thread
R9 =0x0000015adc52a420 points into unknown readable memory: b0 35 31 cc 00 00 00 00
R10=0x0000000000000001 is an unknown value
R11=0x00004a2143ae2001 is an unknown value
R12=0x000000000000e4b7 is an unknown value
R13=0x0000015adc52cbc0 points into unknown readable memory: 58 2d a7 54 f9 7f 00 00
R14=0x0000015af5729020 points into unknown readable memory: 00 04 0c 00 05 00 06 01
R15=0x0000015af5729020 points into unknown readable memory: 00 04 0c 00 05 00 06 01


Registers:
RAX=0x0000000000000000, RBX=0x00007ff98ff450a8, RCX=0x0000000100025990, RDX=0x0000015adc55a800
RSP=0x0000003dac2fda30, RBP=0x0000003dac2fdb70, RSI=0x0000015adef2938a, RDI=0x0000003dac2fdba0
R8 =0x0000015adc55a800, R9 =0x0000015adc52a420, R10=0x0000000000000001, R11=0x00004a2143ae2001
R12=0x000000000000e4b7, R13=0x0000015adc52cbc0, R14=0x0000015af5729020, R15=0x0000015af5729020
RIP=0x00007ff9935b4b89, EFLAGS=0x0000000000000202

Top of Stack: (sp=0x0000003dac2fda30)
0x0000003dac2fda30:   000000010000f2f8 00007ff98ff450a8
0x0000003dac2fda40:   0000015adef2938a 0000000000000000
0x0000003dac2fda50:   00000001e06d7363 0000000000000000
0x0000003dac2fda60:   00007ff9935b4b89 0000000000000004
0x0000003dac2fda70:   0000000019930520 0000003dac2fdba0
0x0000003dac2fda80:   00007ff98ff450a8 00007ff98ff40000
0x0000003dac2fda90:   0000015adc52cbc0 000000000000e4b7
0x0000003dac2fdaa0:   0000015adef2938a 0000003dac2fdb70
0x0000003dac2fdab0:   0000003dac2fdb80 00007ff9958a4a5f
0x0000003dac2fdac0:   0000003dac2fdba0 0000015a00000000
0x0000003dac2fdad0:   00000000f60fd9d8 0000003dac2fe550
0x0000003dac2fdae0:   00007ff98ff47000 00007ff98ff40000
0x0000003dac2fdaf0:   0000b782087409a1 0000000000000000
0x0000003dac2fdb00:   00007ff98ff450a8 00007ff98a3c485d
0x0000003dac2fdb10:   0000003dac2fdf50 00007ff9958c07b0
0x0000003dac2fdb20:   0000049608670560 0000015adc529fd0 

Instructions: (pc=0x00007ff9935b4b89)
0x00007ff9935b4a89:   d8 21 00 00 41 0f 44 c0 89 43 24 8b 41 18 89 43
0x00007ff9935b4a99:   28 65 48 8b 04 25 60 00 00 00 48 8b 48 20 39 79
0x00007ff9935b4aa9:   08 7c 36 41 b9 40 00 00 00 48 89 7c 24 20 4c 8d
0x00007ff9935b4ab9:   44 24 30 48 83 c9 ff 41 8d 51 e5 48 ff 15 6d 9f
0x00007ff9935b4ac9:   18 00 0f 1f 44 00 00 85 c0 0f 88 33 f1 06 00 81
0x00007ff9935b4ad9:   7c 24 54 33 00 03 00 72 0f 48 8b 9c 24 80 00 00
0x00007ff9935b4ae9:   00 48 83 c4 70 5f c3 cc 89 7b 2c eb ec cc cc cc
0x00007ff9935b4af9:   cc cc cc cc cc cc cc 65 48 8b 04 25 30 00 00 00
0x00007ff9935b4b09:   8b 40 68 c3 cc cc cc cc cc cc cc cc cc cc cc cc
0x00007ff9935b4b19:   cc cc cc cc cc cc cc 48 81 ec d8 00 00 00 48 8b
0x00007ff9935b4b29:   05 42 63 25 00 48 33 c4 48 89 84 24 c0 00 00 00
0x00007ff9935b4b39:   48 83 64 24 28 00 48 8d 05 da ff ff ff 83 e2 01
0x00007ff9935b4b49:   89 4c 24 20 89 54 24 24 48 89 44 24 30 4d 85 c9
0x00007ff9935b4b59:   74 4c b8 0f 00 00 00 48 8d 4c 24 40 44 3b c0 49
0x00007ff9935b4b69:   8b d1 44 0f 47 c0 44 89 44 24 38 49 c1 e0 03 e8
0x00007ff9935b4b79:   2a d3 05 00 48 8d 4c 24 20 48 ff 15 8f 9f 18 00
0x00007ff9935b4b89:   0f 1f 44 00 00 48 8b 8c 24 c0 00 00 00 48 33 cc
0x00007ff9935b4b99:   e8 62 95 05 00 48 81 c4 d8 00 00 00 c3 cc 83 64
0x00007ff9935b4ba9:   24 38 00 eb cf cc cc cc cc cc cc cc cc cc cc cc
0x00007ff9935b4bb9:   cc cc cc cc cc cc cc 40 53 48 83 ec 30 48 8b d1
0x00007ff9935b4bc9:   48 8d 4c 24 20 e8 e5 cc ff ff 85 c0 74 26 48 8b
0x00007ff9935b4bd9:   4c 24 28 e8 8f 6f ff ff 48 8d 4c 24 20 8b d8 48
0x00007ff9935b4be9:   ff 15 81 97 18 00 0f 1f 44 00 00 8b c3 48 83 c4
0x00007ff9935b4bf9:   30 5b c3 cc 83 c8 ff eb f4 cc cc cc cc cc cc cc
0x00007ff9935b4c09:   cc cc cc cc cc cc cc 48 8b c4 48 89 58 10 48 89
0x00007ff9935b4c19:   70 18 57 48 83 ec 60 0f 57 c0 0f 11 40 b8 48 8d
0x00007ff9935b4c29:   35 a2 f7 18 00 33 db 48 85 c9 48 0f 45 f1 48 8b
0x00007ff9935b4c39:   d6 48 8d 48 c8 48 ff 15 b3 9d 18 00 0f 1f 44 00
0x00007ff9935b4c49:   00 8b f8 89 44 24 70 85 c0 78 1f 41 b0 01 48 8d
0x00007ff9935b4c59:   54 24 30 48 8d 4c 24 20 48 ff 15 30 97 18 00 0f
0x00007ff9935b4c69:   1f 44 00 00 8b f8 89 44 24 70 85 ff 0f 88 9d ef
0x00007ff9935b4c79:   06 00 48 83 c8 ff 48 8b c8 48 ff c1 66 39 1c 4e 


Stack slot to memory mapping:
stack at sp + 0 slots: 0x000000010000f2f8 is a pointer to class: 
java.lang.AbstractStringBuilder {0x000000010000f300}
stack at sp + 1 slots: 0x00007ff98ff450a8 jimage.dll
stack at sp + 2 slots: 0x0000015adef2938a points into unknown readable memory: fa fa fe ca 5f 4e
stack at sp + 3 slots: 0x0 is NULL
stack at sp + 4 slots: 0x00000001e06d7363 is an unknown value
stack at sp + 5 slots: 0x0 is NULL
stack at sp + 6 slots: 0x00007ff9935b4b89 KERNELBASE.dll
stack at sp + 7 slots: 0x0000000000000004 is an unknown value


---------------  P R O C E S S  ---------------

Threads class SMR info:
_java_thread_list=0x0000015af56ed000, length=3, elements={
0x0000015adc55a800, 0x0000015af5703800, 0x0000015af5704800
}

Java Threads: ( => current thread )
=>0x0000015adc55a800 JavaThread "main" [_thread_in_vm, id=4504, stack(0x0000003dac200000,0x0000003dac300000)]
  0x0000015af5703800 JavaThread "Reference Handler" daemon [_thread_blocked, id=15044, stack(0x0000003dac900000,0x0000003daca00000)]
  0x0000015af5704800 JavaThread "Finalizer" daemon [_thread_blocked, id=8416, stack(0x0000003daca00000,0x0000003dacb00000)]

Other Threads:
  0x0000015af56ed800 VMThread "VM Thread" [stack: 0x0000003dac800000,0x0000003dac900000] [id=8976]
  0x0000015adc583800 GCTaskThread "GC Thread#0" [stack: 0x0000003dac300000,0x0000003dac400000] [id=15372]
  0x0000015adc58e000 ConcurrentGCThread "G1 Main Marker" [stack: 0x0000003dac400000,0x0000003dac500000] [id=9180]
  0x0000015adc591000 ConcurrentGCThread "G1 Conc#0" [stack: 0x0000003dac500000,0x0000003dac600000] [id=5564]
  0x0000015adc60d800 ConcurrentGCThread "G1 Refine#0" [stack: 0x0000003dac600000,0x0000003dac700000] [id=4900]
  0x0000015adc60e800 ConcurrentGCThread "G1 Young RemSet Sampling" [stack: 0x0000003dac700000,0x0000003dac800000] [id=9156]

Threads with active compile tasks:

VM state:not at safepoint (normal execution)

VM Mutex/Monitor currently owned by a thread: None

Heap address: 0x00000000c8c00000, size: 884 MB, Compressed Oops mode: 32-bit
Narrow klass base: 0x0000000000000000, Narrow klass shift: 3
Compressed class space size: 1073741824 Address: 0x0000000100000000

Heap:
 garbage-first heap   total 57344K, used 0K [0x00000000c8c00000, 0x0000000100000000)
  region size 1024K, 1 young (1024K), 0 survivors (0K)
 Metaspace       used 1876K, capacity 2120K, committed 2176K, reserved 1060864K
  class space    used 152K, capacity 384K, committed 384K, reserved 1048576K
Heap Regions: E=young(eden), S=young(survivor), O=old, HS=humongous(starts), HC=humongous(continues), CS=collection set, F=free, OA=open archive, CA=closed archive, TAMS=top-at-mark-start (previous, next)
|   0|0x00000000c8c00000, 0x00000000c8c00000, 0x00000000c8d00000|  0%| F|  |TAMS 0x00000000c8c00000, 0x00000000c8c00000| Untracked 
|   1|0x00000000c8d00000, 0x00000000c8d00000, 0x00000000c8e00000|  0%| F|  |TAMS 0x00000000c8d00000, 0x00000000c8d00000| Untracked 
|   2|0x00000000c8e00000, 0x00000000c8e00000, 0x00000000c8f00000|  0%| F|  |TAMS 0x00000000c8e00000, 0x00000000c8e00000| Untracked 
|   3|0x00000000c8f00000, 0x00000000c8f00000, 0x00000000c9000000|  0%| F|  |TAMS 0x00000000c8f00000, 0x00000000c8f00000| Untracked 
|   4|0x00000000c9000000, 0x00000000c9000000, 0x00000000c9100000|  0%| F|  |TAMS 0x00000000c9000000, 0x00000000c9000000| Untracked 
|   5|0x00000000c9100000, 0x00000000c9100000, 0x00000000c9200000|  0%| F|  |TAMS 0x00000000c9100000, 0x00000000c9100000| Untracked 
|   6|0x00000000c9200000, 0x00000000c9200000, 0x00000000c9300000|  0%| F|  |TAMS 0x00000000c9200000, 0x00000000c9200000| Untracked 
|   7|0x00000000c9300000, 0x00000000c9300000, 0x00000000c9400000|  0%| F|  |TAMS 0x00000000c9300000, 0x00000000c9300000| Untracked 
|   8|0x00000000c9400000, 0x00000000c9400000, 0x00000000c9500000|  0%| F|  |TAMS 0x00000000c9400000, 0x00000000c9400000| Untracked 
|   9|0x00000000c9500000, 0x00000000c9500000, 0x00000000c9600000|  0%| F|  |TAMS 0x00000000c9500000, 0x00000000c9500000| Untracked 
|  10|0x00000000c9600000, 0x00000000c9600000, 0x00000000c9700000|  0%| F|  |TAMS 0x00000000c9600000, 0x00000000c9600000| Untracked 
|  11|0x00000000c9700000, 0x00000000c9700000, 0x00000000c9800000|  0%| F|  |TAMS 0x00000000c9700000, 0x00000000c9700000| Untracked 
|  12|0x00000000c9800000, 0x00000000c9800000, 0x00000000c9900000|  0%| F|  |TAMS 0x00000000c9800000, 0x00000000c9800000| Untracked 
|  13|0x00000000c9900000, 0x00000000c9900000, 0x00000000c9a00000|  0%| F|  |TAMS 0x00000000c9900000, 0x00000000c9900000| Untracked 
|  14|0x00000000c9a00000, 0x00000000c9a00000, 0x00000000c9b00000|  0%| F|  |TAMS 0x00000000c9a00000, 0x00000000c9a00000| Untracked 
|  15|0x00000000c9b00000, 0x00000000c9b00000, 0x00000000c9c00000|  0%| F|  |TAMS 0x00000000c9b00000, 0x00000000c9b00000| Untracked 
|  16|0x00000000c9c00000, 0x00000000c9c00000, 0x00000000c9d00000|  0%| F|  |TAMS 0x00000000c9c00000, 0x00000000c9c00000| Untracked 
|  17|0x00000000c9d00000, 0x00000000c9d00000, 0x00000000c9e00000|  0%| F|  |TAMS 0x00000000c9d00000, 0x00000000c9d00000| Untracked 
|  18|0x00000000c9e00000, 0x00000000c9e00000, 0x00000000c9f00000|  0%| F|  |TAMS 0x00000000c9e00000, 0x00000000c9e00000| Untracked 
|  19|0x00000000c9f00000, 0x00000000c9f00000, 0x00000000ca000000|  0%| F|  |TAMS 0x00000000c9f00000, 0x00000000c9f00000| Untracked 
|  20|0x00000000ca000000, 0x00000000ca000000, 0x00000000ca100000|  0%| F|  |TAMS 0x00000000ca000000, 0x00000000ca000000| Untracked 
|  21|0x00000000ca100000, 0x00000000ca100000, 0x00000000ca200000|  0%| F|  |TAMS 0x00000000ca100000, 0x00000000ca100000| Untracked 
|  22|0x00000000ca200000, 0x00000000ca200000, 0x00000000ca300000|  0%| F|  |TAMS 0x00000000ca200000, 0x00000000ca200000| Untracked 
|  23|0x00000000ca300000, 0x00000000ca300000, 0x00000000ca400000|  0%| F|  |TAMS 0x00000000ca300000, 0x00000000ca300000| Untracked 
|  24|0x00000000ca400000, 0x00000000ca400000, 0x00000000ca500000|  0%| F|  |TAMS 0x00000000ca400000, 0x00000000ca400000| Untracked 
|  25|0x00000000ca500000, 0x00000000ca500000, 0x00000000ca600000|  0%| F|  |TAMS 0x00000000ca500000, 0x00000000ca500000| Untracked 
|  26|0x00000000ca600000, 0x00000000ca600000, 0x00000000ca700000|  0%| F|  |TAMS 0x00000000ca600000, 0x00000000ca600000| Untracked 
|  27|0x00000000ca700000, 0x00000000ca700000, 0x00000000ca800000|  0%| F|  |TAMS 0x00000000ca700000, 0x00000000ca700000| Untracked 
|  28|0x00000000ca800000, 0x00000000ca800000, 0x00000000ca900000|  0%| F|  |TAMS 0x00000000ca800000, 0x00000000ca800000| Untracked 
|  29|0x00000000ca900000, 0x00000000ca900000, 0x00000000caa00000|  0%| F|  |TAMS 0x00000000ca900000, 0x00000000ca900000| Untracked 
|  30|0x00000000caa00000, 0x00000000caa00000, 0x00000000cab00000|  0%| F|  |TAMS 0x00000000caa00000, 0x00000000caa00000| Untracked 
|  31|0x00000000cab00000, 0x00000000cab00000, 0x00000000cac00000|  0%| F|  |TAMS 0x00000000cab00000, 0x00000000cab00000| Untracked 
|  32|0x00000000cac00000, 0x00000000cac00000, 0x00000000cad00000|  0%| F|  |TAMS 0x00000000cac00000, 0x00000000cac00000| Untracked 
|  33|0x00000000cad00000, 0x00000000cad00000, 0x00000000cae00000|  0%| F|  |TAMS 0x00000000cad00000, 0x00000000cad00000| Untracked 
|  34|0x00000000cae00000, 0x00000000cae00000, 0x00000000caf00000|  0%| F|  |TAMS 0x00000000cae00000, 0x00000000cae00000| Untracked 
|  35|0x00000000caf00000, 0x00000000caf00000, 0x00000000cb000000|  0%| F|  |TAMS 0x00000000caf00000, 0x00000000caf00000| Untracked 
|  36|0x00000000cb000000, 0x00000000cb000000, 0x00000000cb100000|  0%| F|  |TAMS 0x00000000cb000000, 0x00000000cb000000| Untracked 
|  37|0x00000000cb100000, 0x00000000cb100000, 0x00000000cb200000|  0%| F|  |TAMS 0x00000000cb100000, 0x00000000cb100000| Untracked 
|  38|0x00000000cb200000, 0x00000000cb200000, 0x00000000cb300000|  0%| F|  |TAMS 0x00000000cb200000, 0x00000000cb200000| Untracked 
|  39|0x00000000cb300000, 0x00000000cb300000, 0x00000000cb400000|  0%| F|  |TAMS 0x00000000cb300000, 0x00000000cb300000| Untracked 
|  40|0x00000000cb400000, 0x00000000cb400000, 0x00000000cb500000|  0%| F|  |TAMS 0x00000000cb400000, 0x00000000cb400000| Untracked 
|  41|0x00000000cb500000, 0x00000000cb500000, 0x00000000cb600000|  0%| F|  |TAMS 0x00000000cb500000, 0x00000000cb500000| Untracked 
|  42|0x00000000cb600000, 0x00000000cb600000, 0x00000000cb700000|  0%| F|  |TAMS 0x00000000cb600000, 0x00000000cb600000| Untracked 
|  43|0x00000000cb700000, 0x00000000cb700000, 0x00000000cb800000|  0%| F|  |TAMS 0x00000000cb700000, 0x00000000cb700000| Untracked 
|  44|0x00000000cb800000, 0x00000000cb800000, 0x00000000cb900000|  0%| F|  |TAMS 0x00000000cb800000, 0x00000000cb800000| Untracked 
|  45|0x00000000cb900000, 0x00000000cb900000, 0x00000000cba00000|  0%| F|  |TAMS 0x00000000cb900000, 0x00000000cb900000| Untracked 
|  46|0x00000000cba00000, 0x00000000cba00000, 0x00000000cbb00000|  0%| F|  |TAMS 0x00000000cba00000, 0x00000000cba00000| Untracked 
|  47|0x00000000cbb00000, 0x00000000cbb00000, 0x00000000cbc00000|  0%| F|  |TAMS 0x00000000cbb00000, 0x00000000cbb00000| Untracked 
|  48|0x00000000cbc00000, 0x00000000cbc00000, 0x00000000cbd00000|  0%| F|  |TAMS 0x00000000cbc00000, 0x00000000cbc00000| Untracked 
|  49|0x00000000cbd00000, 0x00000000cbd00000, 0x00000000cbe00000|  0%| F|  |TAMS 0x00000000cbd00000, 0x00000000cbd00000| Untracked 
|  50|0x00000000cbe00000, 0x00000000cbe00000, 0x00000000cbf00000|  0%| F|  |TAMS 0x00000000cbe00000, 0x00000000cbe00000| Untracked 
|  51|0x00000000cbf00000, 0x00000000cbf00000, 0x00000000cc000000|  0%| F|  |TAMS 0x00000000cbf00000, 0x00000000cbf00000| Untracked 
|  52|0x00000000cc000000, 0x00000000cc000000, 0x00000000cc100000|  0%| F|  |TAMS 0x00000000cc000000, 0x00000000cc000000| Untracked 
|  53|0x00000000cc100000, 0x00000000cc100000, 0x00000000cc200000|  0%| F|  |TAMS 0x00000000cc100000, 0x00000000cc100000| Untracked 
|  54|0x00000000cc200000, 0x00000000cc200000, 0x00000000cc300000|  0%| F|  |TAMS 0x00000000cc200000, 0x00000000cc200000| Untracked 
|  55|0x00000000cc300000, 0x00000000cc342900, 0x00000000cc400000| 26%| E|  |TAMS 0x00000000cc300000, 0x00000000cc300000| Complete 

Card table byte_map: [0x0000015af11c0000,0x0000015af1380000] _byte_map_base: 0x0000015af0b7a000

Marking Bits (Prev, Next): (CMBitMap*) 0x0000015adc586788, (CMBitMap*) 0x0000015adc5867c8
 Prev Bits: [0x0000015af1540000, 0x0000015af2310000)
 Next Bits: [0x0000015af2310000, 0x0000015af30e0000)

Polling page: 0x0000015adc3f0000

Metaspace:

Usage:
  Non-class:      1.70 MB capacity,     1.68 MB (>99%) used,     9.40 KB ( <1%) free+waste,     1.81 KB ( <1%) overhead. 
      Class:    384.00 KB capacity,   152.05 KB ( 40%) used,   231.88 KB ( 60%) free+waste,    64 bytes ( <1%) overhead. 
       Both:      2.07 MB capacity,     1.83 MB ( 89%) used,   241.28 KB ( 11%) free+waste,     1.88 KB ( <1%) overhead. 

Virtual space:
  Non-class space:       12.00 MB reserved,       1.75 MB ( 15%) committed 
      Class space:        1.00 GB reserved,     384.00 KB ( <1%) committed 
             Both:        1.01 GB reserved,       2.13 MB ( <1%) committed 

Chunk freelists:
   Non-Class:  56.00 KB
       Class:  0 bytes
        Both:  56.00 KB

MaxMetaspaceSize: 17179869184.00 GB
CompressedClassSpaceSize: 1.00 GB

CodeHeap 'non-profiled nmethods': size=120000Kb used=0Kb max_used=0Kb free=120000Kb
 bounds [0x0000015ae94b0000, 0x0000015ae9720000, 0x0000015af09e0000]
CodeHeap 'profiled nmethods': size=120000Kb used=0Kb max_used=0Kb free=120000Kb
 bounds [0x0000015ae1f80000, 0x0000015ae21f0000, 0x0000015ae94b0000]
CodeHeap 'non-nmethods': size=5760Kb used=386Kb max_used=386Kb free=5373Kb
 bounds [0x0000015ae19e0000, 0x0000015ae1c50000, 0x0000015ae1f80000]
 total_blobs=141 nmethods=0 adapters=114
 compilation: enabled
              stopped_count=0, restarted_count=0
 full_count=0

Compilation events (0 events):
No events

GC Heap History (0 events):
No events

Deoptimization events (0 events):
No events

Classes unloaded (0 events):
No events

Classes redefined (0 events):
No events

Internal exceptions (0 events):
No events

Events (20 events):
Event: 0.056 loading class java/io/PrintStream done
Event: 0.056 loading class java/io/BufferedOutputStream
Event: 0.056 loading class java/io/BufferedOutputStream done
Event: 0.056 loading class java/io/OutputStreamWriter
Event: 0.056 loading class java/io/Writer
Event: 0.056 loading class java/io/Writer done
Event: 0.056 loading class java/io/OutputStreamWriter done
Event: 0.056 loading class java/nio/charset/Charset
Event: 0.056 loading class java/nio/charset/Charset done
Event: 0.057 loading class sun/nio/cs/StandardCharsets
Event: 0.057 loading class java/nio/charset/spi/CharsetProvider
Event: 0.057 loading class java/nio/charset/spi/CharsetProvider done
Event: 0.057 loading class sun/nio/cs/StandardCharsets done
Event: 0.057 loading class java/lang/ThreadLocal
Event: 0.057 loading class java/lang/ThreadLocal done
Event: 0.057 loading class java/util/concurrent/atomic/AtomicInteger
Event: 0.057 loading class java/util/concurrent/atomic/AtomicInteger done
Event: 0.057 loading class sun/security/action/GetPropertyAction
Event: 0.057 loading class sun/security/action/GetPropertyAction done
Event: 0.057 loading class java/util/Arrays


Dynamic libraries:
0x00007ff62c6c0000 - 0x00007ff62c6cd000 	C:\Users\Rahul\.p2\pool\plugins\org.eclipse.justj.openjdk.hotspot.jre.full.win32.x86_64_14.0.2.v20200815-0932\jre\bin\javaw.exe
0x00007ff995870000 - 0x00007ff995a65000 	C:\WINDOWS\SYSTEM32\ntdll.dll
0x00007ff994a50000 - 0x00007ff994b0d000 	C:\WINDOWS\System32\KERNEL32.DLL
0x00007ff993580000 - 0x00007ff993848000 	C:\WINDOWS\System32\KERNELBASE.dll
0x00007ff9933d0000 - 0x00007ff9934d0000 	C:\WINDOWS\System32\ucrtbase.dll
0x00007ff98a3c0000 - 0x00007ff98a3d5000 	C:\Users\Rahul\.p2\pool\plugins\org.eclipse.justj.openjdk.hotspot.jre.full.win32.x86_64_14.0.2.v20200815-0932\jre\bin\VCRUNTIME140.dll
0x00007ff98a890000 - 0x00007ff98a8a8000 	C:\Users\Rahul\.p2\pool\plugins\org.eclipse.justj.openjdk.hotspot.jre.full.win32.x86_64_14.0.2.v20200815-0932\jre\bin\jli.dll
0x00007ff994bc0000 - 0x00007ff994d60000 	C:\WINDOWS\System32\USER32.dll
0x00007ff9932c0000 - 0x00007ff9932e2000 	C:\WINDOWS\System32\win32u.dll
0x00007ff9946b0000 - 0x00007ff9946da000 	C:\WINDOWS\System32\GDI32.dll
0x00007ff97f200000 - 0x00007ff97f49a000 	C:\WINDOWS\WinSxS\amd64_microsoft.windows.common-controls_6595b64144ccf1df_6.0.19041.844_none_ca00b6081b84eb1d\COMCTL32.dll
0x00007ff992fb0000 - 0x00007ff9930bb000 	C:\WINDOWS\System32\gdi32full.dll
0x00007ff994210000 - 0x00007ff9942ae000 	C:\WINDOWS\System32\msvcrt.dll
0x00007ff993220000 - 0x00007ff9932bd000 	C:\WINDOWS\System32\msvcp_win.dll
0x00007ff994320000 - 0x00007ff994350000 	C:\WINDOWS\System32\IMM32.DLL
0x00007ff974890000 - 0x00007ff97492b000 	C:\Users\Rahul\.p2\pool\plugins\org.eclipse.justj.openjdk.hotspot.jre.full.win32.x86_64_14.0.2.v20200815-0932\jre\bin\msvcp140.dll
0x00007ff954240000 - 0x00007ff954d5e000 	C:\Users\Rahul\.p2\pool\plugins\org.eclipse.justj.openjdk.hotspot.jre.full.win32.x86_64_14.0.2.v20200815-0932\jre\bin\server\jvm.dll
0x00007ff994b10000 - 0x00007ff994bbc000 	C:\WINDOWS\System32\ADVAPI32.dll
0x00007ff993980000 - 0x00007ff993a1b000 	C:\WINDOWS\System32\sechost.dll
0x00007ff994e20000 - 0x00007ff994f4b000 	C:\WINDOWS\System32\RPCRT4.dll
0x00007ff994e10000 - 0x00007ff994e18000 	C:\WINDOWS\System32\PSAPI.DLL
0x00007ff988b30000 - 0x00007ff988b57000 	C:\WINDOWS\SYSTEM32\WINMM.dll
0x00007ff97f4f0000 - 0x00007ff97f4f9000 	C:\WINDOWS\SYSTEM32\WSOCK32.dll
0x00007ff988b60000 - 0x00007ff988b6a000 	C:\WINDOWS\SYSTEM32\VERSION.dll
0x00007ff9942b0000 - 0x00007ff99431b000 	C:\WINDOWS\System32\WS2_32.dll
0x00007ff991840000 - 0x00007ff991852000 	C:\WINDOWS\SYSTEM32\kernel.appcore.dll
0x00007ff98ff40000 - 0x00007ff98ff4a000 	C:\Users\Rahul\.p2\pool\plugins\org.eclipse.justj.openjdk.hotspot.jre.full.win32.x86_64_14.0.2.v20200815-0932\jre\bin\jimage.dll
0x00007ff990b60000 - 0x00007ff990d44000 	C:\WINDOWS\SYSTEM32\DBGHELP.DLL
0x00007ff97f1d0000 - 0x00007ff97f1fc000 	C:\WINDOWS\SYSTEM32\dbgcore.DLL
0x00007ff993850000 - 0x00007ff9938d0000 	C:\WINDOWS\System32\bcryptPrimitives.dll
0x00007ff981eb0000 - 0x00007ff981ed5000 	C:\Users\Rahul\.p2\pool\plugins\org.eclipse.justj.openjdk.hotspot.jre.full.win32.x86_64_14.0.2.v20200815-0932\jre\bin\java.dll
0x00007ff983740000 - 0x00007ff983756000 	C:\Users\Rahul\.p2\pool\plugins\org.eclipse.justj.openjdk.hotspot.jre.full.win32.x86_64_14.0.2.v20200815-0932\jre\bin\zip.dll
0x00007ff994f50000 - 0x00007ff995692000 	C:\WINDOWS\System32\SHELL32.dll
0x00007ff990ea0000 - 0x00007ff991630000 	C:\WINDOWS\SYSTEM32\windows.storage.dll
0x00007ff9946e0000 - 0x00007ff994a35000 	C:\WINDOWS\System32\combase.dll
0x00007ff992880000 - 0x00007ff9928ac000 	C:\WINDOWS\SYSTEM32\Wldp.dll
0x00007ff994d60000 - 0x00007ff994e0e000 	C:\WINDOWS\System32\SHCORE.dll
0x00007ff993b90000 - 0x00007ff993be5000 	C:\WINDOWS\System32\shlwapi.dll
0x00007ff992ef0000 - 0x00007ff992f0f000 	C:\WINDOWS\SYSTEM32\profapi.dll

dbghelp: loaded successfully - version: 4.0.5 - missing functions: none
symbol engine: initialized successfully - sym options: 0x614 - pdb path: .;C:\Users\Rahul\.p2\pool\plugins\org.eclipse.justj.openjdk.hotspot.jre.full.win32.x86_64_14.0.2.v20200815-0932\jre\bin;C:\WINDOWS\SYSTEM32;C:\WINDOWS\WinSxS\amd64_microsoft.windows.common-controls_6595b64144ccf1df_6.0.19041.844_none_ca00b6081b84eb1d;C:\Users\Rahul\.p2\pool\plugins\org.eclipse.justj.openjdk.hotspot.jre.full.win32.x86_64_14.0.2.v20200815-0932\jre\bin\server

VM Arguments:
jvm_args: -ea -Dfile.encoding=Cp1252 -XX:+ShowCodeDetailsInExceptionMessages 
java_command: org.testng.remote.RemoteTestNG -serport 50407 -protocol json -d E:\jj\test-output C:\Users\Rahul\AppData\Local\Temp\testng-eclipse--1438660405\testng-customsuite.xml
java_class_path (initial): C:\Users\Rahul\eclipse\java-2020-094\eclipse\configuration\org.eclipse.osgi\432\0\.cp\lib\testng-remote.jar;E:\jj\target\test-classes;E:\jj\target\classes;C:\Users\Rahul\.p2\pool\plugins\org.testng_7.3.0.r202008060316.jar;C:\Users\Rahul\.p2\pool\plugins\com.beust.jcommander_1.78.0.jar;C:\Users\Rahul\.p2\pool\plugins\org.apache-extras.beanshell.bsh_2.0.0.b6.jar;C:\Users\Rahul\.p2\pool\plugins\org.yaml.snakeyaml_1.21.0.jar;C:\Users\Rahul\.m2\repository\org\testng\testng\7.4.0\testng-7.4.0.jar;C:\Users\Rahul\.m2\repository\com\beust\jcommander\1.78\jcommander-1.78.jar;C:\Users\Rahul\.m2\repository\org\webjars\jquery\3.5.1\jquery-3.5.1.jar;C:\Users\Rahul\.m2\repository\org\seleniumhq\selenium\selenium-java\4.0.0-alpha-6\selenium-java-4.0.0-alpha-6.jar;C:\Users\Rahul\.m2\repository\org\seleniumhq\selenium\selenium-api\4.0.0-alpha-6\selenium-api-4.0.0-alpha-6.jar;C:\Users\Rahul\.m2\repository\org\seleniumhq\selenium\selenium-chrome-driver\4.0.0-alpha-6\selenium-chrome-driver-4.0.0-alpha-6.jar;C:\Users\Rahul\.m2\repository\com\google\auto\service\auto-service-annotations\1.0-rc6\auto-service-annotations-1.0-rc6.jar;C:\Users\Rahul\.m2\repository\com\google\auto\service\auto-service\1.0-rc6\auto-service-1.0-rc6.jar;C:\Users\Rahul\.m2\repository\com\google\auto\auto-common\0.10\auto-common-0.10.jar;C:\Users\Rahul\.m2\repository\com\google\guava\guava\29.0-jre\guava-29.0-jre.jar;C:\Users\Rahul\.m2\repository\com\google\guava\failureaccess\1.0.1\failureaccess-1.0.1.jar;C:\Users\Rahul\.m2\repository\com\google\guava\listenablefuture\9999.0-empty-to-avoid-conflict-with-guava\listenablefuture-9999.0-empty-to-avoid-conflict-with-guava.jar;C:\Users\Rahul\.m2\repository\com\google\code\findbugs\jsr305\3.0.2\jsr305-3.0.2.jar;C:\Users\Rahul\.m2\repository\org\checkerframework\checker-qual\2.11.1\checker-qual-2.11.1.jar;C:\Users\Rahul\.m2\repository\com\google\errorprone\error_prone_annotations\2.3.4\error_prone_annotations-2.3.4.jar;C:\Users\Rahul\.m2\repos
Launcher Type: SUN_STANDARD

[Global flags]
     intx CICompilerCount                          = 3                                         {product} {ergonomic}
     uint ConcGCThreads                            = 1                                         {product} {ergonomic}
     uint G1ConcRefinementThreads                  = 4                                         {product} {ergonomic}
   size_t G1HeapRegionSize                         = 1048576                                   {product} {ergonomic}
    uintx GCDrainStackTargetSize                   = 64                                        {product} {ergonomic}
   size_t InitialHeapSize                          = 58720256                                  {product} {ergonomic}
   size_t MarkStackSize                            = 4194304                                   {product} {ergonomic}
   size_t MaxHeapSize                              = 926941184                                 {product} {ergonomic}
   size_t MaxNewSize                               = 555745280                                 {product} {ergonomic}
   size_t MinHeapDeltaBytes                        = 1048576                                   {product} {ergonomic}
   size_t MinHeapSize                              = 8388608                                   {product} {ergonomic}
    uintx NonNMethodCodeHeapSize                   = 5832780                                {pd product} {ergonomic}
    uintx NonProfiledCodeHeapSize                  = 122912730                              {pd product} {ergonomic}
    uintx ProfiledCodeHeapSize                     = 122912730                              {pd product} {ergonomic}
    uintx ReservedCodeCacheSize                    = 251658240                              {pd product} {ergonomic}
     bool SegmentedCodeCache                       = true                                      {product} {ergonomic}
     bool ShowCodeDetailsInExceptionMessages       = true                                   {manageable} {command line}
   size_t SoftMaxHeapSize                          = 926941184                              {manageable} {ergonomic}
     bool UseCompressedClassPointers               = true                                 {lp64_product} {ergonomic}
     bool UseCompressedOops                        = true                                 {lp64_product} {ergonomic}
     bool UseG1GC                                  = true                                      {product} {ergonomic}
     bool UseLargePagesIndividualAllocation        = false                                  {pd product} {ergonomic}

Logging:
Log output configuration:
 #0: stdout all=warning uptime,level,tags
 #1: stderr all=off uptime,level,tags

Environment Variables:
PATH=C:/Users/Rahul/.p2/pool/plugins/org.eclipse.justj.openjdk.hotspot.jre.full.win32.x86_64_14.0.2.v20200815-0932/jre/bin/server;C:/Users/Rahul/.p2/pool/plugins/org.eclipse.justj.openjdk.hotspot.jre.full.win32.x86_64_14.0.2.v20200815-0932/jre/bin;C:\ProgramData\Oracle\Java\javapath;C:\WINDOWS\system32;C:\WINDOWS;C:\WINDOWS\System32\Wbem;C:\WINDOWS\System32\WindowsPowerShell\v1.0\;C:\WINDOWS\System32\OpenSSH\;C:\Program Files\Docker\Docker\resources\bin;C:\ProgramData\DockerDesktop\version-bin;C:\Users\Rahul\AppData\Local\Microsoft\WindowsApps;;C:\Users\Rahul\Desktop;
USERNAME=Rahul
OS=Windows_NT
PROCESSOR_IDENTIFIER=AMD64 Family 23 Model 24 Stepping 1, AuthenticAMD



---------------  S Y S T E M  ---------------

OS: Windows 10 , 64 bit Build 19041 (10.0.19041.928)
OS uptime: 10 days 8:21 hours
HyperV virtualization detected

CPU:total 4 (initial active 4) (4 cores per cpu, 2 threads per core) family 23 model 24 stepping 1, cmov, cx8, fxsr, mmx, sse, sse2, sse3, ssse3, sse4.1, sse4.2, popcnt, avx, avx2, aes, clmul, mmxext, 3dnowpref, lzcnt, sse4a, ht, tsc, tscinvbit, tscinv, bmi1, bmi2, adx, sha, fma

Memory: 4k page, system-wide physical 3534M (308M free)
TotalPageFile size 7630M (AvailPageFile size 3M)
current process WorkingSet (physical memory assigned to process): 20M, peak: 20M
current process commit charge ("private bytes"): 114M, peak: 115M

vm_info: OpenJDK 64-Bit Server VM (14.0.2+12-46) for windows-amd64 JRE (14.0.2+12-46), built on Jul  9 2020 00:31:16 by "mach5one" with MS VC++ 15.9 (VS2017)

END.
