#
# There is insufficient memory for the Java Runtime Environment to continue.
# Native memory allocation (malloc) failed to allocate 1080016 bytes for Chunk::new
# Possible reasons:
#   The system is out of physical RAM or swap space
#   The process is running with CompressedOops enabled, and the Java Heap may be blocking the growth of the native heap
# Possible solutions:
#   Reduce memory load on the system
#   Increase physical memory or swap space
#   Check if swap backing store is full
#   Decrease Java heap size (-Xmx/-Xms)
#   Decrease number of Java threads
#   Decrease Java thread stack sizes (-Xss)
#   Set larger code cache with -XX:ReservedCodeCacheSize=
#   JVM is running with Unscaled Compressed Oops mode in which the Java heap is
#     placed in the first 4GB address space. The Java Heap base address is the
#     maximum limit for the native heap growth. Please use -XX:HeapBaseMinAddress
#     to set the Java Heap base and to place the Java Heap above 4GB virtual address.
# This output file may be truncated or incomplete.
#
#  Out of Memory Error (./open/src/hotspot/share/memory/arena.cpp:195), pid=12332, tid=8060
#
# JRE version: OpenJDK Runtime Environment (14.0.2+12) (build 14.0.2+12-46)
# Java VM: OpenJDK 64-Bit Server VM (14.0.2+12-46, mixed mode, tiered, compressed oops, g1 gc, windows-amd64)
# No core dump will be written. Minidumps are not enabled by default on client versions of Windows
#

---------------  S U M M A R Y ------------

Command Line: -ea -Dfile.encoding=Cp1252 -XX:+ShowCodeDetailsInExceptionMessages org.testng.remote.RemoteTestNG -serport 57662 -protocol json -d E:\jj\test-output C:\Users\Rahul\AppData\Local\Temp\testng-eclipse--949531009\testng-customsuite.xml

Host: AMD Ryzen 3 3250U with Radeon Graphics         , 4 cores, 3G,  Windows 10 , 64 bit Build 19041 (10.0.19041.928)
Time: Thu Jul  8 09:59:24 2021 Pacific Daylight Time elapsed time: 68 seconds (0d 0h 1m 8s)

---------------  T H R E A D  ---------------

Current thread (0x000001c56ea19000):  JavaThread "C2 CompilerThread0" daemon [_thread_in_native, id=8060, stack(0x0000008392500000,0x0000008392600000)]


Current CompileTask:
C2:  68724 2305       4       jdk.internal.loader.BuiltinClassLoader::loadClassOrNull (7 bytes)

Stack: [0x0000008392500000,0x0000008392600000]
Native frames: (J=compiled Java code, j=interpreted, Vv=VM code, C=native code)
V  [jvm.dll+0x5f8a9a]
V  [jvm.dll+0x74247a]
V  [jvm.dll+0x743c2f]
V  [jvm.dll+0x744273]
V  [jvm.dll+0x20d288]
V  [jvm.dll+0xabb07]
V  [jvm.dll+0xac1fc]
V  [jvm.dll+0x276db4]
V  [jvm.dll+0x50cffa]
V  [jvm.dll+0x1ee1da]
V  [jvm.dll+0x1e7cfb]
V  [jvm.dll+0x1e4f98]
V  [jvm.dll+0x1779cc]
V  [jvm.dll+0x1f4105]
V  [jvm.dll+0x1f22eb]
V  [jvm.dll+0x7070cd]
V  [jvm.dll+0x6ffeda]
V  [jvm.dll+0x5f78f6]
C  [ucrtbase.dll+0x21bb2]
C  [KERNEL32.DLL+0x17034]
C  [ntdll.dll+0x52651]


---------------  P R O C E S S  ---------------

Threads class SMR info:
_java_thread_list=0x000001c570cb1760, length=21, elements={
0x000001c557774800, 0x000001c56e9ed800, 0x000001c56e9ee800, 0x000001c56ea2e800,
0x000001c56ea31800, 0x000001c56ea32800, 0x000001c56ea19000, 0x000001c56ea1c000,
0x000001c56ea4a800, 0x000001c56f4b5800, 0x000001c56f4b7000, 0x000001c570959000,
0x000001c570d99800, 0x000001c570d32800, 0x000001c56f6ec800, 0x000001c570ce0800,
0x000001c56fce1800, 0x000001c56f78a000, 0x000001c56f790800, 0x000001c56f78c800,
0x000001c56f78f000
}

Java Threads: ( => current thread )
  0x000001c557774800 JavaThread "main" [_thread_blocked, id=18832, stack(0x0000008391900000,0x0000008391a00000)]
  0x000001c56e9ed800 JavaThread "Reference Handler" daemon [_thread_blocked, id=18960, stack(0x0000008392000000,0x0000008392100000)]
  0x000001c56e9ee800 JavaThread "Finalizer" daemon [_thread_blocked, id=756, stack(0x0000008392100000,0x0000008392200000)]
  0x000001c56ea2e800 JavaThread "Signal Dispatcher" daemon [_thread_blocked, id=16388, stack(0x0000008392200000,0x0000008392300000)]
  0x000001c56ea31800 JavaThread "Attach Listener" daemon [_thread_blocked, id=18668, stack(0x0000008392300000,0x0000008392400000)]
  0x000001c56ea32800 JavaThread "Service Thread" daemon [_thread_blocked, id=12044, stack(0x0000008392400000,0x0000008392500000)]
=>0x000001c56ea19000 JavaThread "C2 CompilerThread0" daemon [_thread_in_native, id=8060, stack(0x0000008392500000,0x0000008392600000)]
  0x000001c56ea1c000 JavaThread "C1 CompilerThread0" daemon [_thread_blocked, id=7164, stack(0x0000008392600000,0x0000008392700000)]
  0x000001c56ea4a800 JavaThread "Sweeper thread" daemon [_thread_blocked, id=5244, stack(0x0000008392700000,0x0000008392800000)]
  0x000001c56f4b5800 JavaThread "Notification Thread" daemon [_thread_blocked, id=3672, stack(0x0000008392800000,0x0000008392900000)]
  0x000001c56f4b7000 JavaThread "Common-Cleaner" daemon [_thread_blocked, id=13536, stack(0x0000008392a00000,0x0000008392b00000)]
  0x000001c570959000 JavaThread "ForkJoinPool.commonPool-worker-3" daemon [_thread_blocked, id=14852, stack(0x0000008393100000,0x0000008393200000)]
  0x000001c570d99800 JavaThread "AsyncHttpClient-timer-1-1" [_thread_blocked, id=11076, stack(0x0000008393200000,0x0000008393300000)]
  0x000001c570d32800 JavaThread "Exec Default Executor" daemon [_thread_in_native, id=13752, stack(0x0000008393300000,0x0000008393400000)]
  0x000001c56f6ec800 JavaThread "ForkJoinPool.commonPool-worker-5" daemon [_thread_blocked, id=17344, stack(0x0000008393400000,0x0000008393500000)]
  0x000001c570ce0800 JavaThread "ForkJoinPool.commonPool-worker-7" daemon [_thread_blocked, id=3248, stack(0x0000008393500000,0x0000008393600000)]
  0x000001c56fce1800 JavaThread "Exec Stream Pumper" daemon [_thread_in_native, id=15912, stack(0x0000008393700000,0x0000008393800000)]
  0x000001c56f78a000 JavaThread "Exec Stream Pumper" daemon [_thread_in_native, id=7552, stack(0x0000008393800000,0x0000008393900000)]
  0x000001c56f790800 JavaThread "AsyncHttpClient-3-1" [_thread_in_native, id=15196, stack(0x0000008393a00000,0x0000008393b00000)]
  0x000001c56f78c800 JavaThread "AsyncHttpClient-3-2" [_thread_in_native, id=19952, stack(0x0000008393c00000,0x0000008393d00000)]
  0x000001c56f78f000 JavaThread "AsyncHttpClient-3-3" [_thread_in_native, id=3564, stack(0x0000008393d00000,0x0000008393e00000)]

Other Threads:
  0x000001c56e9d9000 VMThread "VM Thread" [stack: 0x0000008391f00000,0x0000008392000000] [id=14404]
  0x000001c56f4b6800 WatcherThread [stack: 0x0000008392900000,0x0000008392a00000] [id=712]
  0x000001c5577a3000 GCTaskThread "GC Thread#0" [stack: 0x0000008391a00000,0x0000008391b00000] [id=18232]
  0x000001c56feda000 GCTaskThread "GC Thread#1" [stack: 0x0000008392d00000,0x0000008392e00000] [id=8764]
  0x000001c56fdac000 GCTaskThread "GC Thread#2" [stack: 0x0000008392e00000,0x0000008392f00000] [id=6700]
  0x000001c5706dd800 GCTaskThread "GC Thread#3" [stack: 0x0000008392f00000,0x0000008393000000] [id=14844]
  0x000001c5577bc000 ConcurrentGCThread "G1 Main Marker" [stack: 0x0000008391b00000,0x0000008391c00000] [id=3276]
  0x000001c5577be800 ConcurrentGCThread "G1 Conc#0" [stack: 0x0000008391c00000,0x0000008391d00000] [id=19168]
  0x000001c557802800 ConcurrentGCThread "G1 Refine#0" [stack: 0x0000008391d00000,0x0000008391e00000] [id=16692]
  0x000001c56ff47800 ConcurrentGCThread "G1 Refine#1" [stack: 0x0000008393000000,0x0000008393100000] [id=17508]
  0x000001c557805000 ConcurrentGCThread "G1 Young RemSet Sampling" [stack: 0x0000008391e00000,0x0000008391f00000] [id=7616]

Threads with active compile tasks:
C2 CompilerThread0    69492 2305       4       jdk.internal.loader.BuiltinClassLoader::loadClassOrNull (7 bytes)

VM state:not at safepoint (normal execution)

VM Mutex/Monitor currently owned by a thread: None

Heap address: 0x00000000c8c00000, size: 884 MB, Compressed Oops mode: 32-bit
Narrow klass base: 0x0000000000000000, Narrow klass shift: 3
Compressed class space size: 1073741824 Address: 0x0000000100000000

Heap:
 garbage-first heap   total 51200K, used 39692K [0x00000000c8c00000, 0x0000000100000000)
  region size 1024K, 15 young (15360K), 2 survivors (2048K)
 Metaspace       used 35600K, capacity 36430K, committed 36656K, reserved 1081344K
  class space    used 4085K, capacity 4382K, committed 4480K, reserved 1048576K
Heap Regions: E=young(eden), S=young(survivor), O=old, HS=humongous(starts), HC=humongous(continues), CS=collection set, F=free, OA=open archive, CA=closed archive, TAMS=top-at-mark-start (previous, next)
|   0|0x00000000c8c00000, 0x00000000c8d00000, 0x00000000c8d00000|100%| O|  |TAMS 0x00000000c8d00000, 0x00000000c8c00000| Untracked 
|   1|0x00000000c8d00000, 0x00000000c8e00000, 0x00000000c8e00000|100%| O|  |TAMS 0x00000000c8e00000, 0x00000000c8d00000| Untracked 
|   2|0x00000000c8e00000, 0x00000000c8f00000, 0x00000000c8f00000|100%| O|  |TAMS 0x00000000c8f00000, 0x00000000c8e00000| Untracked 
|   3|0x00000000c8f00000, 0x00000000c9000000, 0x00000000c9000000|100%| O|  |TAMS 0x00000000c9000000, 0x00000000c8f00000| Untracked 
|   4|0x00000000c9000000, 0x00000000c902f200, 0x00000000c9100000| 18%| O|  |TAMS 0x00000000c902f200, 0x00000000c9000000| Untracked 
|   5|0x00000000c9100000, 0x00000000c9200000, 0x00000000c9200000|100%| O|  |TAMS 0x00000000c9200000, 0x00000000c9100000| Untracked 
|   6|0x00000000c9200000, 0x00000000c9300000, 0x00000000c9300000|100%| O|  |TAMS 0x00000000c9300000, 0x00000000c9200000| Untracked 
|   7|0x00000000c9300000, 0x00000000c9400000, 0x00000000c9400000|100%| O|  |TAMS 0x00000000c9400000, 0x00000000c9300000| Untracked 
|   8|0x00000000c9400000, 0x00000000c9500000, 0x00000000c9500000|100%| O|  |TAMS 0x00000000c9500000, 0x00000000c9400000| Untracked 
|   9|0x00000000c9500000, 0x00000000c958fe08, 0x00000000c9600000| 56%| O|  |TAMS 0x00000000c953ae00, 0x00000000c9500000| Untracked 
|  10|0x00000000c9600000, 0x00000000c9700000, 0x00000000c9700000|100%|HS|  |TAMS 0x00000000c9600000, 0x00000000c9600000| Complete 
|  11|0x00000000c9700000, 0x00000000c9800000, 0x00000000c9800000|100%|HC|  |TAMS 0x00000000c9700000, 0x00000000c9700000| Complete 
|  12|0x00000000c9800000, 0x00000000c9900000, 0x00000000c9900000|100%|HC|  |TAMS 0x00000000c9800000, 0x00000000c9800000| Complete 
|  13|0x00000000c9900000, 0x00000000c9a00000, 0x00000000c9a00000|100%|HC|  |TAMS 0x00000000c9900000, 0x00000000c9900000| Complete 
|  14|0x00000000c9a00000, 0x00000000c9b00000, 0x00000000c9b00000|100%|HC|  |TAMS 0x00000000c9a00000, 0x00000000c9a00000| Complete 
|  15|0x00000000c9b00000, 0x00000000c9c00000, 0x00000000c9c00000|100%|HC|  |TAMS 0x00000000c9b00000, 0x00000000c9b00000| Complete 
|  16|0x00000000c9c00000, 0x00000000c9d00000, 0x00000000c9d00000|100%|HC|  |TAMS 0x00000000c9c00000, 0x00000000c9c00000| Complete 
|  17|0x00000000c9d00000, 0x00000000c9e00000, 0x00000000c9e00000|100%|HC|  |TAMS 0x00000000c9d00000, 0x00000000c9d00000| Complete 
|  18|0x00000000c9e00000, 0x00000000c9f00000, 0x00000000c9f00000|100%|HC|  |TAMS 0x00000000c9e00000, 0x00000000c9e00000| Complete 
|  19|0x00000000c9f00000, 0x00000000ca000000, 0x00000000ca000000|100%|HC|  |TAMS 0x00000000c9f00000, 0x00000000c9f00000| Complete 
|  20|0x00000000ca000000, 0x00000000ca100000, 0x00000000ca100000|100%|HC|  |TAMS 0x00000000ca000000, 0x00000000ca000000| Complete 
|  21|0x00000000ca100000, 0x00000000ca200000, 0x00000000ca200000|100%|HC|  |TAMS 0x00000000ca100000, 0x00000000ca100000| Complete 
|  22|0x00000000ca200000, 0x00000000ca300000, 0x00000000ca300000|100%|HC|  |TAMS 0x00000000ca200000, 0x00000000ca200000| Complete 
|  23|0x00000000ca300000, 0x00000000ca400000, 0x00000000ca400000|100%|HC|  |TAMS 0x00000000ca300000, 0x00000000ca300000| Complete 
|  24|0x00000000ca400000, 0x00000000ca500000, 0x00000000ca500000|100%|HC|  |TAMS 0x00000000ca400000, 0x00000000ca400000| Complete 
|  25|0x00000000ca500000, 0x00000000ca600000, 0x00000000ca600000|100%|HC|  |TAMS 0x00000000ca500000, 0x00000000ca500000| Complete 
|  26|0x00000000ca600000, 0x00000000ca700000, 0x00000000ca700000|100%|HC|  |TAMS 0x00000000ca600000, 0x00000000ca600000| Complete 
|  27|0x00000000ca700000, 0x00000000ca700000, 0x00000000ca800000|  0%| F|  |TAMS 0x00000000ca700000, 0x00000000ca700000| Untracked 
|  28|0x00000000ca800000, 0x00000000ca800000, 0x00000000ca900000|  0%| F|  |TAMS 0x00000000ca800000, 0x00000000ca800000| Untracked 
|  29|0x00000000ca900000, 0x00000000ca900000, 0x00000000caa00000|  0%| F|  |TAMS 0x00000000ca900000, 0x00000000ca900000| Untracked 
|  30|0x00000000caa00000, 0x00000000caa04020, 0x00000000cab00000|  1%| S|CS|TAMS 0x00000000caa00000, 0x00000000caa00000| Complete 
|  31|0x00000000cab00000, 0x00000000cac00000, 0x00000000cac00000|100%| S|CS|TAMS 0x00000000cab00000, 0x00000000cab00000| Complete 
|  32|0x00000000cac00000, 0x00000000cac00000, 0x00000000cad00000|  0%| F|  |TAMS 0x00000000cac00000, 0x00000000cac00000| Untracked 
|  33|0x00000000cad00000, 0x00000000cad00000, 0x00000000cae00000|  0%| F|  |TAMS 0x00000000cad00000, 0x00000000cad00000| Untracked 
|  34|0x00000000cae00000, 0x00000000cae00000, 0x00000000caf00000|  0%| F|  |TAMS 0x00000000cae00000, 0x00000000cae00000| Untracked 
|  35|0x00000000caf00000, 0x00000000caf00000, 0x00000000cb000000|  0%| F|  |TAMS 0x00000000caf00000, 0x00000000caf00000| Untracked 
|  36|0x00000000cb000000, 0x00000000cb000000, 0x00000000cb100000|  0%| F|  |TAMS 0x00000000cb000000, 0x00000000cb000000| Untracked 
|  37|0x00000000cb100000, 0x00000000cb1c1e98, 0x00000000cb200000| 75%| E|  |TAMS 0x00000000cb100000, 0x00000000cb100000| Complete 
|  38|0x00000000cb200000, 0x00000000cb300000, 0x00000000cb300000|100%| E|CS|TAMS 0x00000000cb200000, 0x00000000cb200000| Complete 
|  39|0x00000000cb300000, 0x00000000cb400000, 0x00000000cb400000|100%| E|CS|TAMS 0x00000000cb300000, 0x00000000cb300000| Complete 
|  40|0x00000000cb400000, 0x00000000cb500000, 0x00000000cb500000|100%| E|CS|TAMS 0x00000000cb400000, 0x00000000cb400000| Complete 
|  41|0x00000000cb500000, 0x00000000cb600000, 0x00000000cb600000|100%| E|CS|TAMS 0x00000000cb500000, 0x00000000cb500000| Complete 
|  42|0x00000000cb600000, 0x00000000cb700000, 0x00000000cb700000|100%| E|CS|TAMS 0x00000000cb600000, 0x00000000cb600000| Complete 
|  43|0x00000000cb700000, 0x00000000cb800000, 0x00000000cb800000|100%| E|CS|TAMS 0x00000000cb700000, 0x00000000cb700000| Complete 
|  44|0x00000000cb800000, 0x00000000cb900000, 0x00000000cb900000|100%| E|CS|TAMS 0x00000000cb800000, 0x00000000cb800000| Complete 
|  45|0x00000000cb900000, 0x00000000cba00000, 0x00000000cba00000|100%| E|CS|TAMS 0x00000000cb900000, 0x00000000cb900000| Complete 
|  46|0x00000000cba00000, 0x00000000cbb00000, 0x00000000cbb00000|100%| E|CS|TAMS 0x00000000cba00000, 0x00000000cba00000| Complete 
|  47|0x00000000cbb00000, 0x00000000cbc00000, 0x00000000cbc00000|100%| E|CS|TAMS 0x00000000cbb00000, 0x00000000cbb00000| Complete 
|  48|0x00000000cbc00000, 0x00000000cbd00000, 0x00000000cbd00000|100%| E|CS|TAMS 0x00000000cbc00000, 0x00000000cbc00000| Complete 
|  55|0x00000000cc300000, 0x00000000cc400000, 0x00000000cc400000|100%| E|CS|TAMS 0x00000000cc300000, 0x00000000cc300000| Complete 

Card table byte_map: [0x000001c56a600000,0x000001c56a7c0000] _byte_map_base: 0x000001c569fba000

Marking Bits (Prev, Next): (CMBitMap*) 0x000001c5577a5ac8, (CMBitMap*) 0x000001c5577a5b08
 Prev Bits: [0x000001c56a980000, 0x000001c56b750000)
 Next Bits: [0x000001c56b750000, 0x000001c56c520000)

Polling page: 0x000001c556f50000

Metaspace:

Usage:
  Non-class:     31.30 MB capacity,    30.78 MB ( 98%) used,   444.38 KB (  1%) free+waste,    89.19 KB ( <1%) overhead. 
      Class:      4.28 MB capacity,     3.99 MB ( 93%) used,   254.18 KB (  6%) free+waste,    41.88 KB ( <1%) overhead. 
       Both:     35.58 MB capacity,    34.77 MB ( 98%) used,   698.56 KB (  2%) free+waste,   131.06 KB ( <1%) overhead. 

Virtual space:
  Non-class space:       32.00 MB reserved,      31.42 MB ( 98%) committed 
      Class space:        1.00 GB reserved,       4.38 MB ( <1%) committed 
             Both:        1.03 GB reserved,      35.80 MB (  3%) committed 

Chunk freelists:
   Non-Class:  0 bytes
       Class:  2.00 KB
        Both:  2.00 KB

MaxMetaspaceSize: 17179869184.00 GB
CompressedClassSpaceSize: 1.00 GB

CodeHeap 'non-profiled nmethods': size=120000Kb used=1030Kb max_used=1030Kb free=118969Kb
 bounds [0x000001c562f10000, 0x000001c563180000, 0x000001c56a440000]
CodeHeap 'profiled nmethods': size=120000Kb used=4684Kb max_used=4684Kb free=115315Kb
 bounds [0x000001c55b9e0000, 0x000001c55be80000, 0x000001c562f10000]
CodeHeap 'non-nmethods': size=5760Kb used=1321Kb max_used=1336Kb free=4438Kb
 bounds [0x000001c55b440000, 0x000001c55b6b0000, 0x000001c55b9e0000]
 total_blobs=2994 nmethods=2387 adapters=519
 compilation: enabled
              stopped_count=0, restarted_count=0
 full_count=0

Compilation events (20 events):
Event: 68.389 Thread 0x000001c56ea1c000 2309       3       java.lang.Character::hashCode (2 bytes)
Event: 68.389 Thread 0x000001c56ea1c000 nmethod 2309 0x000001c55be41f10 code [0x000001c55be420a0, 0x000001c55be42178]
Event: 68.390 Thread 0x000001c56ea1c000 2310       3       java.io.PrintWriter::ensureOpen (18 bytes)
Event: 68.390 Thread 0x000001c56ea1c000 nmethod 2310 0x000001c55be42210 code [0x000001c55be423c0, 0x000001c55be425c8]
Event: 68.391 Thread 0x000001c56ea1c000 2311       3       java.util.ArrayList::isEmpty (13 bytes)
Event: 68.392 Thread 0x000001c56ea1c000 nmethod 2311 0x000001c55be42690 code [0x000001c55be42820, 0x000001c55be42978]
Event: 68.403 Thread 0x000001c56ea1c000 2313       3       java.lang.invoke.VarForm::getMemberName (21 bytes)
Event: 68.404 Thread 0x000001c56ea1c000 nmethod 2313 0x000001c55be42a10 code [0x000001c55be42bc0, 0x000001c55be42de8]
Event: 68.474 Thread 0x000001c56ea1c000 2314       3       jdk.internal.math.FDBigInteger::mult (64 bytes)
Event: 68.475 Thread 0x000001c56ea1c000 nmethod 2314 0x000001c55be42f10 code [0x000001c55be430c0, 0x000001c55be43338]
Event: 68.475 Thread 0x000001c56ea1c000 2315       3       jdk.internal.math.FDBigInteger::<init> (30 bytes)
Event: 68.475 Thread 0x000001c56ea1c000 nmethod 2315 0x000001c55be43510 code [0x000001c55be436c0, 0x000001c55be438c8]
Event: 68.475 Thread 0x000001c56ea1c000 2316       3       jdk.internal.math.FDBigInteger::trimLeadingZeros (57 bytes)
Event: 68.475 Thread 0x000001c56ea1c000 nmethod 2316 0x000001c55be43a10 code [0x000001c55be43bc0, 0x000001c55be43eb8]
Event: 68.532 Thread 0x000001c56ea1c000 2317       3       java.util.stream.ReduceOps$3ReducingSink::accept (15 bytes)
Event: 68.532 Thread 0x000001c56ea1c000 nmethod 2317 0x000001c55be44010 code [0x000001c55be441c0, 0x000001c55be44388]
Event: 68.541 Thread 0x000001c56ea1c000 2318       3       java.nio.charset.CoderResult::isOverflow (14 bytes)
Event: 68.541 Thread 0x000001c56ea1c000 nmethod 2318 0x000001c55be44490 code [0x000001c55be44620, 0x000001c55be44778]
Event: 68.568 Thread 0x000001c56ea1c000 2319       3       java.util.Calendar::internalSet (8 bytes)
Event: 68.569 Thread 0x000001c56ea1c000 nmethod 2319 0x000001c55be44810 code [0x000001c55be449a0, 0x000001c55be44ad8]

GC Heap History (20 events):
Event: 1.860 GC heap before
{Heap before GC invocations=1 (full 0):
 garbage-first heap   total 57344K, used 15275K [0x00000000c8c00000, 0x0000000100000000)
  region size 1024K, 13 young (13312K), 2 survivors (2048K)
 Metaspace       used 15541K, capacity 15826K, committed 16000K, reserved 1062912K
  class space    used 1572K, capacity 1662K, committed 1664K, reserved 1048576K
}
Event: 1.868 GC heap after
{Heap after GC invocations=2 (full 0):
 garbage-first heap   total 57344K, used 4802K [0x00000000c8c00000, 0x0000000100000000)
  region size 1024K, 1 young (1024K), 1 survivors (1024K)
 Metaspace       used 15541K, capacity 15826K, committed 16000K, reserved 1062912K
  class space    used 1572K, capacity 1662K, committed 1664K, reserved 1048576K
}
Event: 2.362 GC heap before
{Heap before GC invocations=2 (full 0):
 garbage-first heap   total 57344K, used 24258K [0x00000000c8c00000, 0x0000000100000000)
  region size 1024K, 20 young (20480K), 1 survivors (1024K)
 Metaspace       used 17907K, capacity 18238K, committed 18304K, reserved 1064960K
  class space    used 1781K, capacity 1889K, committed 1920K, reserved 1048576K
}
Event: 2.367 GC heap after
{Heap after GC invocations=3 (full 0):
 garbage-first heap   total 57344K, used 5392K [0x00000000c8c00000, 0x0000000100000000)
  region size 1024K, 2 young (2048K), 2 survivors (2048K)
 Metaspace       used 17907K, capacity 18238K, committed 18304K, reserved 1064960K
  class space    used 1781K, capacity 1889K, committed 1920K, reserved 1048576K
}
Event: 3.230 GC heap before
{Heap before GC invocations=3 (full 0):
 garbage-first heap   total 57344K, used 37136K [0x00000000c8c00000, 0x0000000100000000)
  region size 1024K, 33 young (33792K), 2 survivors (2048K)
 Metaspace       used 19874K, capacity 20182K, committed 20480K, reserved 1067008K
  class space    used 2070K, capacity 2177K, committed 2304K, reserved 1048576K
}
Event: 3.235 GC heap after
{Heap after GC invocations=4 (full 0):
 garbage-first heap   total 57344K, used 5697K [0x00000000c8c00000, 0x0000000100000000)
  region size 1024K, 2 young (2048K), 2 survivors (2048K)
 Metaspace       used 19874K, capacity 20182K, committed 20480K, reserved 1067008K
  class space    used 2070K, capacity 2177K, committed 2304K, reserved 1048576K
}
Event: 3.603 GC heap before
{Heap before GC invocations=4 (full 0):
 garbage-first heap   total 57344K, used 29249K [0x00000000c8c00000, 0x0000000100000000)
  region size 1024K, 26 young (26624K), 2 survivors (2048K)
 Metaspace       used 20807K, capacity 21160K, committed 21296K, reserved 1069056K
  class space    used 2196K, capacity 2354K, committed 2432K, reserved 1048576K
}
Event: 3.608 GC heap after
{Heap after GC invocations=5 (full 0):
 garbage-first heap   total 57344K, used 6251K [0x00000000c8c00000, 0x0000000100000000)
  region size 1024K, 2 young (2048K), 2 survivors (2048K)
 Metaspace       used 20807K, capacity 21160K, committed 21296K, reserved 1069056K
  class space    used 2196K, capacity 2354K, committed 2432K, reserved 1048576K
}
Event: 4.884 GC heap before
{Heap before GC invocations=6 (full 0):
 garbage-first heap   total 27648K, used 20587K [0x00000000c8c00000, 0x0000000100000000)
  region size 1024K, 16 young (16384K), 2 survivors (2048K)
 Metaspace       used 24092K, capacity 24545K, committed 24752K, reserved 1071104K
  class space    used 2622K, capacity 2760K, committed 2816K, reserved 1048576K
}
Event: 4.893 GC heap after
{Heap after GC invocations=7 (full 0):
 garbage-first heap   total 27648K, used 7339K [0x00000000c8c00000, 0x0000000100000000)
  region size 1024K, 2 young (2048K), 2 survivors (2048K)
 Metaspace       used 24092K, capacity 24545K, committed 24752K, reserved 1071104K
  class space    used 2622K, capacity 2760K, committed 2816K, reserved 1048576K
}
Event: 5.495 GC heap before
{Heap before GC invocations=7 (full 0):
 garbage-first heap   total 27648K, used 19627K [0x00000000c8c00000, 0x0000000100000000)
  region size 1024K, 14 young (14336K), 2 survivors (2048K)
 Metaspace       used 26999K, capacity 27473K, committed 27696K, reserved 1073152K
  class space    used 2954K, capacity 3089K, committed 3200K, reserved 1048576K
}
Event: 5.510 GC heap after
{Heap after GC invocations=8 (full 0):
 garbage-first heap   total 27648K, used 8706K [0x00000000c8c00000, 0x0000000100000000)
  region size 1024K, 2 young (2048K), 2 survivors (2048K)
 Metaspace       used 26999K, capacity 27473K, committed 27696K, reserved 1073152K
  class space    used 2954K, capacity 3089K, committed 3200K, reserved 1048576K
}
Event: 6.053 GC heap before
{Heap before GC invocations=8 (full 0):
 garbage-first heap   total 27648K, used 18946K [0x00000000c8c00000, 0x0000000100000000)
  region size 1024K, 12 young (12288K), 2 survivors (2048K)
 Metaspace       used 28597K, capacity 29058K, committed 29104K, reserved 1075200K
  class space    used 3143K, capacity 3319K, committed 3328K, reserved 1048576K
}
Event: 6.061 GC heap after
{Heap after GC invocations=9 (full 0):
 garbage-first heap   total 33792K, used 8991K [0x00000000c8c00000, 0x0000000100000000)
  region size 1024K, 1 young (1024K), 1 survivors (1024K)
 Metaspace       used 28597K, capacity 29058K, committed 29104K, reserved 1075200K
  class space    used 3143K, capacity 3319K, committed 3328K, reserved 1048576K
}
Event: 7.750 GC heap before
{Heap before GC invocations=9 (full 0):
 garbage-first heap   total 33792K, used 23327K [0x00000000c8c00000, 0x0000000100000000)
  region size 1024K, 15 young (15360K), 1 survivors (1024K)
 Metaspace       used 31507K, capacity 32173K, committed 32432K, reserved 1077248K
  class space    used 3575K, capacity 3817K, committed 3840K, reserved 1048576K
}
Event: 7.753 GC heap after
{Heap after GC invocations=10 (full 0):
 garbage-first heap   total 33792K, used 9594K [0x00000000c8c00000, 0x0000000100000000)
  region size 1024K, 1 young (1024K), 1 survivors (1024K)
 Metaspace       used 31507K, capacity 32173K, committed 32432K, reserved 1077248K
  class space    used 3575K, capacity 3817K, committed 3840K, reserved 1048576K
}
Event: 8.138 GC heap before
{Heap before GC invocations=10 (full 0):
 garbage-first heap   total 33792K, used 22906K [0x00000000c8c00000, 0x0000000100000000)
  region size 1024K, 15 young (15360K), 1 survivors (1024K)
 Metaspace       used 33149K, capacity 33837K, committed 33968K, reserved 1079296K
  class space    used 3804K, capacity 4052K, committed 4096K, reserved 1048576K
}
Event: 8.142 GC heap after
{Heap after GC invocations=11 (full 0):
 garbage-first heap   total 33792K, used 10009K [0x00000000c8c00000, 0x0000000100000000)
  region size 1024K, 2 young (2048K), 2 survivors (2048K)
 Metaspace       used 33149K, capacity 33837K, committed 33968K, reserved 1079296K
  class space    used 3804K, capacity 4052K, committed 4096K, reserved 1048576K
}
Event: 8.171 GC heap before
{Heap before GC invocations=11 (full 0):
 garbage-first heap   total 33792K, used 10009K [0x00000000c8c00000, 0x0000000100000000)
  region size 1024K, 3 young (3072K), 2 survivors (2048K)
 Metaspace       used 33230K, capacity 33901K, committed 33968K, reserved 1079296K
  class space    used 3814K, capacity 4052K, committed 4096K, reserved 1048576K
}
Event: 8.175 GC heap after
{Heap after GC invocations=12 (full 0):
 garbage-first heap   total 33792K, used 9996K [0x00000000c8c00000, 0x0000000100000000)
  region size 1024K, 2 young (2048K), 2 survivors (2048K)
 Metaspace       used 33230K, capacity 33901K, committed 33968K, reserved 1079296K
  class space    used 3814K, capacity 4052K, committed 4096K, reserved 1048576K
}

Deoptimization events (20 events):
Event: 7.378 Thread 0x000001c557774800 Uncommon trap: trap_request=0xffffff45 fr.pc=0x000001c562fb283c relative=0x000000000000009c
Event: 7.378 Thread 0x000001c557774800 Uncommon trap: reason=unstable_if action=reinterpret pc=0x000001c562fb283c method=java.lang.CharacterDataLatin1.isWhitespace(I)Z @ 14 c2
Event: 7.378 Thread 0x000001c557774800 DEOPT PACKING pc=0x000001c562fb283c sp=0x00000083919fd1d0
Event: 7.378 Thread 0x000001c557774800 DEOPT UNPACKING pc=0x000001c55b48912f sp=0x00000083919fd140 mode 2
Event: 45.120 Thread 0x000001c557774800 Uncommon trap: trap_request=0xffffff45 fr.pc=0x000001c562fdf2a0 relative=0x00000000000011c0
Event: 45.120 Thread 0x000001c557774800 Uncommon trap: reason=unstable_if action=reinterpret pc=0x000001c562fdf2a0 method=java.util.concurrent.ConcurrentHashMap.putVal(Ljava/lang/Object;Ljava/lang/Object;Z)Ljava/lang/Object; @ 256 c2
Event: 45.120 Thread 0x000001c557774800 DEOPT PACKING pc=0x000001c562fdf2a0 sp=0x00000083919fcba0
Event: 45.121 Thread 0x000001c557774800 DEOPT UNPACKING pc=0x000001c55b48912f sp=0x00000083919fcb28 mode 2
Event: 45.681 Thread 0x000001c56f790800 Uncommon trap: trap_request=0xffffff45 fr.pc=0x000001c562fca510 relative=0x0000000000000250
Event: 45.681 Thread 0x000001c56f790800 Uncommon trap: reason=unstable_if action=reinterpret pc=0x000001c562fca510 method=java.io.ByteArrayInputStream.read()I @ 8 c2
Event: 45.681 Thread 0x000001c56f790800 DEOPT PACKING pc=0x000001c562fca510 sp=0x0000008393afe750
Event: 45.681 Thread 0x000001c56f790800 DEOPT UNPACKING pc=0x000001c55b48912f sp=0x0000008393afe708 mode 2
Event: 68.506 Thread 0x000001c557774800 Uncommon trap: trap_request=0xffffff45 fr.pc=0x000001c562f29bf0 relative=0x00000000000003f0
Event: 68.506 Thread 0x000001c557774800 Uncommon trap: reason=unstable_if action=reinterpret pc=0x000001c562f29bf0 method=java.lang.StringLatin1.canEncode(I)Z @ 4 c2
Event: 68.507 Thread 0x000001c557774800 DEOPT PACKING pc=0x000001c562f29bf0 sp=0x00000083919fe400
Event: 68.507 Thread 0x000001c557774800 DEOPT UNPACKING pc=0x000001c55b48912f sp=0x00000083919fe328 mode 2
Event: 68.507 Thread 0x000001c557774800 Uncommon trap: trap_request=0xffffff45 fr.pc=0x000001c562f2fcbc relative=0x00000000000003bc
Event: 68.507 Thread 0x000001c557774800 Uncommon trap: reason=unstable_if action=reinterpret pc=0x000001c562f2fcbc method=java.lang.AbstractStringBuilder.isLatin1()Z @ 10 c2
Event: 68.507 Thread 0x000001c557774800 DEOPT PACKING pc=0x000001c562f2fcbc sp=0x00000083919fe410
Event: 68.507 Thread 0x000001c557774800 DEOPT UNPACKING pc=0x000001c55b48912f sp=0x00000083919fe3a0 mode 2

Classes unloaded (0 events):
No events

Classes redefined (0 events):
No events

Internal exceptions (20 events):
Event: 6.240 Thread 0x000001c570d32800 Exception <a 'java/lang/NoSuchMethodError'{0x00000000cab2de58}: 'java.lang.Object java.lang.invoke.DirectMethodHandle$Holder.invokeStaticInit(java.lang.Object, java.lang.Object, long, java.lang.Object)'> (0x00000000cab2de58) 
thrown [./open/src/hotspot/share/interpreter/linkResolver.cpp, line 766]
Event: 6.241 Thread 0x000001c570d32800 Exception <a 'java/lang/NoSuchMethodError'{0x00000000cab332b8}: 'java.lang.Object java.lang.invoke.Invokers$Holder.linkToTargetMethod(java.lang.Object, long, java.lang.Object)'> (0x00000000cab332b8) 
thrown [./open/src/hotspot/share/interpreter/linkResolver.cpp, line 766]
Event: 6.633 Thread 0x000001c570cdc000 Exception <a 'java/net/SocketException'{0x00000000cab085a8}: Socket is not connected: shutdown> (0x00000000cab085a8) 
thrown [./open/src/hotspot/share/prims/jni.cpp, line 620]
Event: 7.151 Thread 0x000001c570cdc000 Exception <a 'java/net/SocketException'{0x00000000cab09938}: Socket is not connected: shutdown> (0x00000000cab09938) 
thrown [./open/src/hotspot/share/prims/jni.cpp, line 620]
Event: 7.243 Thread 0x000001c557774800 Exception <a 'java/lang/NoSuchMethodError'{0x00000000caa2ad98}: 'java.lang.Object java.lang.invoke.DirectMethodHandle$Holder.invokeInterface(java.lang.Object, java.lang.Object, java.lang.Object)'> (0x00000000caa2ad98) 
thrown [./open/src/hotspot/share/interpreter/linkResolver.cpp, line 766]
Event: 7.244 Thread 0x000001c557774800 Exception <a 'java/lang/IncompatibleClassChangeError'{0x00000000caa2d9f8}: Found class java.lang.Object, but interface was expected> (0x00000000caa2d9f8) 
thrown [./open/src/hotspot/share/interpreter/linkResolver.cpp, line 832]
Event: 7.246 Thread 0x000001c557774800 Exception <a 'java/lang/NoSuchMethodError'{0x00000000caa358f8}: 'int java.lang.invoke.DirectMethodHandle$Holder.invokeSpecialIFC(java.lang.Object, java.lang.Object, java.lang.Object, java.lang.Object)'> (0x00000000caa358f8) 
thrown [./open/src/hotspot/share/interpreter/linkResolver.cpp, line 766]
Event: 7.248 Thread 0x000001c557774800 Exception <a 'java/lang/NoSuchMethodError'{0x00000000caa3d8e0}: 'java.lang.Object java.lang.invoke.DirectMethodHandle$Holder.invokeInterface(java.lang.Object, java.lang.Object, java.lang.Object, java.lang.Object)'> (0x00000000caa3d8e0) 
thrown [./open/src/hotspot/share/interpreter/linkResolver.cpp, line 766]
Event: 7.276 Thread 0x000001c557774800 Exception <a 'java/lang/NoSuchMethodError'{0x00000000caa9a4d8}: 'double java.lang.invoke.DirectMethodHandle$Holder.invokeVirtual(java.lang.Object, java.lang.Object)'> (0x00000000caa9a4d8) 
thrown [./open/src/hotspot/share/interpreter/linkResolver.cpp, line 766]
Event: 7.277 Thread 0x000001c557774800 Exception <a 'java/lang/NoSuchMethodError'{0x00000000caa9fcc0}: 'float java.lang.invoke.DirectMethodHandle$Holder.invokeVirtual(java.lang.Object, java.lang.Object)'> (0x00000000caa9fcc0) 
thrown [./open/src/hotspot/share/interpreter/linkResolver.cpp, line 766]
Event: 7.279 Thread 0x000001c557774800 Exception <a 'java/lang/NoSuchMethodError'{0x00000000caaa76c8}: 'long java.lang.invoke.DirectMethodHandle$Holder.invokeVirtual(java.lang.Object, java.lang.Object)'> (0x00000000caaa76c8) 
thrown [./open/src/hotspot/share/interpreter/linkResolver.cpp, line 766]
Event: 7.287 Thread 0x000001c557774800 Exception <a 'java/lang/NoSuchMethodError'{0x00000000caae77e8}: 'java.lang.Object java.lang.invoke.DirectMethodHandle$Holder.invokeVirtual(java.lang.Object, java.lang.Object, java.lang.Object)'> (0x00000000caae77e8) 
thrown [./open/src/hotspot/share/interpreter/linkResolver.cpp, line 766]
Event: 7.309 Thread 0x000001c557774800 Exception <a 'java/lang/NoSuchMethodError'{0x00000000ca96c9a0}: 'void java.lang.invoke.DirectMethodHandle$Holder.invokeSpecial(java.lang.Object, java.lang.Object, java.lang.Object, java.lang.Object)'> (0x00000000ca96c9a0) 
thrown [./open/src/hotspot/share/interpreter/linkResolver.cpp, line 766]
Event: 7.342 Thread 0x000001c557774800 Exception <a 'java/lang/NoSuchMethodError'{0x00000000ca837848}: 'void java.lang.invoke.DirectMethodHandle$Holder.invokeSpecial(java.lang.Object, java.lang.Object, java.lang.Object, java.lang.Object, java.lang.Object)'> (0x00000000ca837848) 
thrown [./open/src/hotspot/share/interpreter/linkResolver.cpp, line 766]
Event: 7.786 Thread 0x000001c557774800 Exception <a 'java/lang/NoSuchMethodError'{0x00000000caa56fc0}: 'void java.lang.invoke.DirectMethodHandle$Holder.invokeSpecial(java.lang.Object, java.lang.Object, java.lang.Object, java.lang.Object, java.lang.Object, java.lang.Object)'> (0x00000000caa56fc0) 
thrown [./open/src/hotspot/share/interpreter/linkResolver.cpp, line 766]
Event: 44.972 Thread 0x000001c557774800 Exception <a 'java/lang/NoSuchMethodError'{0x00000000cbbc06d0}: 'java.lang.Object java.lang.invoke.DirectMethodHandle$Holder.invokeSpecialIFC(java.lang.Object, java.lang.Object, java.lang.Object)'> (0x00000000cbbc06d0) 
thrown [./open/src/hotspot/share/interpreter/linkResolver.cpp, line 766]
Event: 45.124 Thread 0x000001c557774800 Exception <a 'java/lang/NoSuchMethodError'{0x00000000cba52010}: 'java.lang.Object java.lang.invoke.DirectMethodHandle$Holder.invokeStatic(java.lang.Object, int, java.lang.Object)'> (0x00000000cba52010) 
thrown [./open/src/hotspot/share/interpreter/linkResolver.cpp, line 766]
Event: 45.136 Thread 0x000001c557774800 Exception <a 'java/lang/ClassNotFoundException'{0x00000000cba62a40}: sun/util/logging/resources/spi/loggingProvider> (0x00000000cba62a40) 
thrown [./open/src/hotspot/share/classfile/systemDictionary.cpp, line 226]
Event: 68.124 Thread 0x000001c557774800 Exception <a 'java/lang/NullPointerException'{0x00000000cb567dd8}> (0x00000000cb567dd8) 
thrown [./open/src/hotspot/share/interpreter/linkResolver.cpp, line 1431]
Event: 68.124 Thread 0x000001c557774800 Exception <a 'java/lang/reflect/InvocationTargetException'{0x00000000cb568350}> (0x00000000cb568350) 
thrown [./open/src/hotspot/share/runtime/reflection.cpp, line 1188]

Events (20 events):
Event: 68.400 loading class java/io/FileWriter
Event: 68.401 loading class java/io/FileWriter done
Event: 68.403 loading class jdk/internal/math/FDBigInteger
Event: 68.474 loading class jdk/internal/math/FDBigInteger done
Event: 68.476 loading class java/text/DateFormat$Field
Event: 68.506 loading class java/text/DateFormat$Field done
Event: 68.507 loading class java/text/NumberFormat
Event: 68.518 loading class java/text/NumberFormat done
Event: 68.519 loading class sun/util/locale/provider/NumberFormatProviderImpl
Event: 68.519 loading class sun/util/locale/provider/NumberFormatProviderImpl done
Event: 68.519 loading class sun/text/resources/PluralRules
Event: 68.530 loading class sun/text/resources/PluralRules done
Event: 68.533 loading class java/text/DecimalFormat
Event: 68.561 loading class java/text/DecimalFormat done
Event: 68.562 loading class java/text/DigitList
Event: 68.566 loading class java/text/DigitList done
Event: 68.569 loading class java/text/FieldPosition$Delegate
Event: 68.569 loading class java/text/Format$FieldDelegate
Event: 68.569 loading class java/text/Format$FieldDelegate done
Event: 68.570 loading class java/text/FieldPosition$Delegate done


Dynamic libraries:
0x00007ff69c870000 - 0x00007ff69c87d000 	C:\Users\Rahul\.p2\pool\plugins\org.eclipse.justj.openjdk.hotspot.jre.full.win32.x86_64_14.0.2.v20200815-0932\jre\bin\javaw.exe
0x00007ff995870000 - 0x00007ff995a65000 	C:\WINDOWS\SYSTEM32\ntdll.dll
0x00007ff994a50000 - 0x00007ff994b0d000 	C:\WINDOWS\System32\KERNEL32.DLL
0x00007ff993580000 - 0x00007ff993848000 	C:\WINDOWS\System32\KERNELBASE.dll
0x00007ff9933d0000 - 0x00007ff9934d0000 	C:\WINDOWS\System32\ucrtbase.dll
0x00007ff98a9c0000 - 0x00007ff98a9d8000 	C:\Users\Rahul\.p2\pool\plugins\org.eclipse.justj.openjdk.hotspot.jre.full.win32.x86_64_14.0.2.v20200815-0932\jre\bin\jli.dll
0x00007ff98a970000 - 0x00007ff98a985000 	C:\Users\Rahul\.p2\pool\plugins\org.eclipse.justj.openjdk.hotspot.jre.full.win32.x86_64_14.0.2.v20200815-0932\jre\bin\VCRUNTIME140.dll
0x00007ff994bc0000 - 0x00007ff994d60000 	C:\WINDOWS\System32\USER32.dll
0x00007ff9932c0000 - 0x00007ff9932e2000 	C:\WINDOWS\System32\win32u.dll
0x00007ff97f200000 - 0x00007ff97f49a000 	C:\WINDOWS\WinSxS\amd64_microsoft.windows.common-controls_6595b64144ccf1df_6.0.19041.844_none_ca00b6081b84eb1d\COMCTL32.dll
0x00007ff9946b0000 - 0x00007ff9946da000 	C:\WINDOWS\System32\GDI32.dll
0x00007ff994210000 - 0x00007ff9942ae000 	C:\WINDOWS\System32\msvcrt.dll
0x00007ff992fb0000 - 0x00007ff9930bb000 	C:\WINDOWS\System32\gdi32full.dll
0x00007ff993220000 - 0x00007ff9932bd000 	C:\WINDOWS\System32\msvcp_win.dll
0x00007ff994320000 - 0x00007ff994350000 	C:\WINDOWS\System32\IMM32.DLL
0x00007ff98a8d0000 - 0x00007ff98a96b000 	C:\Users\Rahul\.p2\pool\plugins\org.eclipse.justj.openjdk.hotspot.jre.full.win32.x86_64_14.0.2.v20200815-0932\jre\bin\msvcp140.dll
0x00007ff954240000 - 0x00007ff954d5e000 	C:\Users\Rahul\.p2\pool\plugins\org.eclipse.justj.openjdk.hotspot.jre.full.win32.x86_64_14.0.2.v20200815-0932\jre\bin\server\jvm.dll
0x00007ff994b10000 - 0x00007ff994bbc000 	C:\WINDOWS\System32\ADVAPI32.dll
0x00007ff993980000 - 0x00007ff993a1b000 	C:\WINDOWS\System32\sechost.dll
0x00007ff994e20000 - 0x00007ff994f4b000 	C:\WINDOWS\System32\RPCRT4.dll
0x00007ff994e10000 - 0x00007ff994e18000 	C:\WINDOWS\System32\PSAPI.DLL
0x00007ff97f4f0000 - 0x00007ff97f4f9000 	C:\WINDOWS\SYSTEM32\WSOCK32.dll
0x00007ff988b30000 - 0x00007ff988b57000 	C:\WINDOWS\SYSTEM32\WINMM.dll
0x00007ff988b60000 - 0x00007ff988b6a000 	C:\WINDOWS\SYSTEM32\VERSION.dll
0x00007ff9942b0000 - 0x00007ff99431b000 	C:\WINDOWS\System32\WS2_32.dll
0x00007ff991840000 - 0x00007ff991852000 	C:\WINDOWS\SYSTEM32\kernel.appcore.dll
0x00007ff98ff40000 - 0x00007ff98ff4a000 	C:\Users\Rahul\.p2\pool\plugins\org.eclipse.justj.openjdk.hotspot.jre.full.win32.x86_64_14.0.2.v20200815-0932\jre\bin\jimage.dll
0x00007ff990b60000 - 0x00007ff990d44000 	C:\WINDOWS\SYSTEM32\DBGHELP.DLL
0x00007ff97f1d0000 - 0x00007ff97f1fc000 	C:\WINDOWS\SYSTEM32\dbgcore.DLL
0x00007ff993850000 - 0x00007ff9938d0000 	C:\WINDOWS\System32\bcryptPrimitives.dll
0x00007ff981eb0000 - 0x00007ff981ed5000 	C:\Users\Rahul\.p2\pool\plugins\org.eclipse.justj.openjdk.hotspot.jre.full.win32.x86_64_14.0.2.v20200815-0932\jre\bin\java.dll
0x00007ff983740000 - 0x00007ff983756000 	C:\Users\Rahul\.p2\pool\plugins\org.eclipse.justj.openjdk.hotspot.jre.full.win32.x86_64_14.0.2.v20200815-0932\jre\bin\zip.dll
0x00007ff994f50000 - 0x00007ff995692000 	C:\WINDOWS\System32\SHELL32.dll
0x00007ff990ea0000 - 0x00007ff991630000 	C:\WINDOWS\SYSTEM32\windows.storage.dll
0x00007ff9946e0000 - 0x00007ff994a35000 	C:\WINDOWS\System32\combase.dll
0x00007ff992880000 - 0x00007ff9928ac000 	C:\WINDOWS\SYSTEM32\Wldp.dll
0x00007ff994d60000 - 0x00007ff994e0e000 	C:\WINDOWS\System32\SHCORE.dll
0x00007ff993b90000 - 0x00007ff993be5000 	C:\WINDOWS\System32\shlwapi.dll
0x00007ff992ef0000 - 0x00007ff992f0f000 	C:\WINDOWS\SYSTEM32\profapi.dll
0x00007ff981e90000 - 0x00007ff981ea9000 	C:\Users\Rahul\.p2\pool\plugins\org.eclipse.justj.openjdk.hotspot.jre.full.win32.x86_64_14.0.2.v20200815-0932\jre\bin\net.dll
0x00007ff98a010000 - 0x00007ff98a11b000 	C:\WINDOWS\SYSTEM32\WINHTTP.dll
0x00007ff992660000 - 0x00007ff9926ca000 	C:\WINDOWS\system32\mswsock.dll
0x00007ff981e70000 - 0x00007ff981e82000 	C:\Users\Rahul\.p2\pool\plugins\org.eclipse.justj.openjdk.hotspot.jre.full.win32.x86_64_14.0.2.v20200815-0932\jre\bin\nio.dll
0x00007ff9923b0000 - 0x00007ff99247c000 	C:\WINDOWS\SYSTEM32\DNSAPI.dll
0x00007ff992370000 - 0x00007ff9923ab000 	C:\WINDOWS\SYSTEM32\IPHLPAPI.DLL
0x00007ff993aa0000 - 0x00007ff993aa8000 	C:\WINDOWS\System32\NSI.dll
0x00007ff989f40000 - 0x00007ff989f4a000 	C:\Windows\System32\rasadhlp.dll
0x00007ff98aa90000 - 0x00007ff98ab0f000 	C:\WINDOWS\System32\fwpuclnt.dll
0x00007ff9932f0000 - 0x00007ff993317000 	C:\WINDOWS\System32\bcrypt.dll
0x00007ff992930000 - 0x00007ff992948000 	C:\WINDOWS\SYSTEM32\CRYPTSP.dll
0x00007ff992020000 - 0x00007ff992054000 	C:\WINDOWS\system32\rsaenh.dll
0x00007ff992e20000 - 0x00007ff992e4e000 	C:\WINDOWS\SYSTEM32\USERENV.dll
0x00007ff9927e0000 - 0x00007ff9927ec000 	C:\WINDOWS\SYSTEM32\CRYPTBASE.dll
0x00007ff98d1f0000 - 0x00007ff98d207000 	C:\WINDOWS\SYSTEM32\dhcpcsvc6.DLL
0x00007ff98d1d0000 - 0x00007ff98d1ed000 	C:\WINDOWS\SYSTEM32\dhcpcsvc.DLL
0x00007ff98ff10000 - 0x00007ff98ff20000 	C:\Users\Rahul\.p2\pool\plugins\org.eclipse.justj.openjdk.hotspot.jre.full.win32.x86_64_14.0.2.v20200815-0932\jre\bin\verify.dll
0x00007ff98f0c0000 - 0x00007ff98f0c9000 	C:\Users\Rahul\.p2\pool\plugins\org.eclipse.justj.openjdk.hotspot.jre.full.win32.x86_64_14.0.2.v20200815-0932\jre\bin\management.dll
0x00007ff98f0b0000 - 0x00007ff98f0bb000 	C:\Users\Rahul\.p2\pool\plugins\org.eclipse.justj.openjdk.hotspot.jre.full.win32.x86_64_14.0.2.v20200815-0932\jre\bin\management_ext.dll
0x00007ff981150000 - 0x00007ff981167000 	C:\WINDOWS\system32\napinsp.dll
0x00007ff981130000 - 0x00007ff98114b000 	C:\WINDOWS\system32\pnrpnsp.dll
0x00007ff981110000 - 0x00007ff981125000 	C:\WINDOWS\system32\wshbth.dll
0x00007ff98ce90000 - 0x00007ff98cead000 	C:\WINDOWS\system32\NLAapi.dll
0x00007ff9810f0000 - 0x00007ff981102000 	C:\WINDOWS\System32\winrnr.dll
0x00007ff987c40000 - 0x00007ff987c65000 	C:\Users\Rahul\.p2\pool\plugins\org.eclipse.justj.openjdk.hotspot.jre.full.win32.x86_64_14.0.2.v20200815-0932\jre\bin\sunec.dll
0x00007ff98ffe0000 - 0x00007ff98ffee000 	C:\Users\Rahul\.p2\pool\plugins\org.eclipse.justj.openjdk.hotspot.jre.full.win32.x86_64_14.0.2.v20200815-0932\jre\bin\sunmscapi.dll
0x00007ff9930c0000 - 0x00007ff99321f000 	C:\WINDOWS\System32\CRYPT32.dll
0x00007ff9928f0000 - 0x00007ff992917000 	C:\WINDOWS\SYSTEM32\ncrypt.dll
0x00007ff9928b0000 - 0x00007ff9928eb000 	C:\WINDOWS\SYSTEM32\NTASN1.dll

dbghelp: loaded successfully - version: 4.0.5 - missing functions: none
symbol engine: initialized successfully - sym options: 0x614 - pdb path: .;C:\Users\Rahul\.p2\pool\plugins\org.eclipse.justj.openjdk.hotspot.jre.full.win32.x86_64_14.0.2.v20200815-0932\jre\bin;C:\WINDOWS\SYSTEM32;C:\WINDOWS\WinSxS\amd64_microsoft.windows.common-controls_6595b64144ccf1df_6.0.19041.844_none_ca00b6081b84eb1d;C:\Users\Rahul\.p2\pool\plugins\org.eclipse.justj.openjdk.hotspot.jre.full.win32.x86_64_14.0.2.v20200815-0932\jre\bin\server

VM Arguments:
jvm_args: -ea -Dfile.encoding=Cp1252 -XX:+ShowCodeDetailsInExceptionMessages 
java_command: org.testng.remote.RemoteTestNG -serport 57662 -protocol json -d E:\jj\test-output C:\Users\Rahul\AppData\Local\Temp\testng-eclipse--949531009\testng-customsuite.xml
java_class_path (initial): C:\Users\Rahul\eclipse\java-2020-094\eclipse\configuration\org.eclipse.osgi\432\0\.cp\lib\testng-remote.jar;E:\jj\target\test-classes;E:\jj\target\classes;C:\Users\Rahul\.p2\pool\plugins\org.testng_7.3.0.r202008060316.jar;C:\Users\Rahul\.p2\pool\plugins\com.beust.jcommander_1.78.0.jar;C:\Users\Rahul\.p2\pool\plugins\org.apache-extras.beanshell.bsh_2.0.0.b6.jar;C:\Users\Rahul\.p2\pool\plugins\org.yaml.snakeyaml_1.21.0.jar;C:\Users\Rahul\.m2\repository\org\testng\testng\7.4.0\testng-7.4.0.jar;C:\Users\Rahul\.m2\repository\com\beust\jcommander\1.78\jcommander-1.78.jar;C:\Users\Rahul\.m2\repository\org\webjars\jquery\3.5.1\jquery-3.5.1.jar;C:\Users\Rahul\.m2\repository\org\seleniumhq\selenium\selenium-java\4.0.0-alpha-6\selenium-java-4.0.0-alpha-6.jar;C:\Users\Rahul\.m2\repository\org\seleniumhq\selenium\selenium-api\4.0.0-alpha-6\selenium-api-4.0.0-alpha-6.jar;C:\Users\Rahul\.m2\repository\org\seleniumhq\selenium\selenium-chrome-driver\4.0.0-alpha-6\selenium-chrome-driver-4.0.0-alpha-6.jar;C:\Users\Rahul\.m2\repository\com\google\auto\service\auto-service-annotations\1.0-rc6\auto-service-annotations-1.0-rc6.jar;C:\Users\Rahul\.m2\repository\com\google\auto\service\auto-service\1.0-rc6\auto-service-1.0-rc6.jar;C:\Users\Rahul\.m2\repository\com\google\auto\auto-common\0.10\auto-common-0.10.jar;C:\Users\Rahul\.m2\repository\com\google\guava\guava\29.0-jre\guava-29.0-jre.jar;C:\Users\Rahul\.m2\repository\com\google\guava\failureaccess\1.0.1\failureaccess-1.0.1.jar;C:\Users\Rahul\.m2\repository\com\google\guava\listenablefuture\9999.0-empty-to-avoid-conflict-with-guava\listenablefuture-9999.0-empty-to-avoid-conflict-with-guava.jar;C:\Users\Rahul\.m2\repository\com\google\code\findbugs\jsr305\3.0.2\jsr305-3.0.2.jar;C:\Users\Rahul\.m2\repository\org\checkerframework\checker-qual\2.11.1\checker-qual-2.11.1.jar;C:\Users\Rahul\.m2\repository\com\google\errorprone\error_prone_annotations\2.3.4\error_prone_annotations-2.3.4.jar;C:\Users\Rahul\.m2\repos
Launcher Type: SUN_STANDARD

[Global flags]
     intx CICompilerCount                          = 3                                         {product} {ergonomic}
     uint ConcGCThreads                            = 1                                         {product} {ergonomic}
     uint G1ConcRefinementThreads                  = 4                                         {product} {ergonomic}
   size_t G1HeapRegionSize                         = 1048576                                   {product} {ergonomic}
    uintx GCDrainStackTargetSize                   = 64                                        {product} {ergonomic}
   size_t InitialHeapSize                          = 58720256                                  {product} {ergonomic}
   size_t MarkStackSize                            = 4194304                                   {product} {ergonomic}
   size_t MaxHeapSize                              = 926941184                                 {product} {ergonomic}
   size_t MaxNewSize                               = 555745280                                 {product} {ergonomic}
   size_t MinHeapDeltaBytes                        = 1048576                                   {product} {ergonomic}
   size_t MinHeapSize                              = 8388608                                   {product} {ergonomic}
    uintx NonNMethodCodeHeapSize                   = 5832780                                {pd product} {ergonomic}
    uintx NonProfiledCodeHeapSize                  = 122912730                              {pd product} {ergonomic}
    uintx ProfiledCodeHeapSize                     = 122912730                              {pd product} {ergonomic}
    uintx ReservedCodeCacheSize                    = 251658240                              {pd product} {ergonomic}
     bool SegmentedCodeCache                       = true                                      {product} {ergonomic}
     bool ShowCodeDetailsInExceptionMessages       = true                                   {manageable} {command line}
   size_t SoftMaxHeapSize                          = 926941184                              {manageable} {ergonomic}
     bool UseCompressedClassPointers               = true                                 {lp64_product} {ergonomic}
     bool UseCompressedOops                        = true                                 {lp64_product} {ergonomic}
     bool UseG1GC                                  = true                                      {product} {ergonomic}
     bool UseLargePagesIndividualAllocation        = false                                  {pd product} {ergonomic}

Logging:
Log output configuration:
 #0: stdout all=warning uptime,level,tags
 #1: stderr all=off uptime,level,tags

Environment Variables:
PATH=C:/Users/Rahul/.p2/pool/plugins/org.eclipse.justj.openjdk.hotspot.jre.full.win32.x86_64_14.0.2.v20200815-0932/jre/bin/server;C:/Users/Rahul/.p2/pool/plugins/org.eclipse.justj.openjdk.hotspot.jre.full.win32.x86_64_14.0.2.v20200815-0932/jre/bin;C:\ProgramData\Oracle\Java\javapath;C:\WINDOWS\system32;C:\WINDOWS;C:\WINDOWS\System32\Wbem;C:\WINDOWS\System32\WindowsPowerShell\v1.0\;C:\WINDOWS\System32\OpenSSH\;C:\Program Files\Docker\Docker\resources\bin;C:\ProgramData\DockerDesktop\version-bin;C:\Users\Rahul\AppData\Local\Microsoft\WindowsApps;;C:\Users\Rahul\Desktop;
USERNAME=Rahul
OS=Windows_NT
PROCESSOR_IDENTIFIER=AMD64 Family 23 Model 24 Stepping 1, AuthenticAMD



---------------  S Y S T E M  ---------------

OS: Windows 10 , 64 bit Build 19041 (10.0.19041.928)
OS uptime: 10 days 10:12 hours
HyperV virtualization detected

CPU:total 4 (initial active 4) (4 cores per cpu, 2 threads per core) family 23 model 24 stepping 1, cmov, cx8, fxsr, mmx, sse, sse2, sse3, ssse3, sse4.1, sse4.2, popcnt, avx, avx2, aes, clmul, mmxext, 3dnowpref, lzcnt, sse4a, ht, tsc, tscinvbit, tscinv, bmi1, bmi2, adx, sha, fma

Memory: 4k page, system-wide physical 3534M (253M free)
TotalPageFile size 7630M (AvailPageFile size 4M)
current process WorkingSet (physical memory assigned to process): 193M, peak: 193M
current process commit charge ("private bytes"): 224M, peak: 224M

vm_info: OpenJDK 64-Bit Server VM (14.0.2+12-46) for windows-amd64 JRE (14.0.2+12-46), built on Jul  9 2020 00:31:16 by "mach5one" with MS VC++ 15.9 (VS2017)

END.
